mode: set
github.com/nephio-project/nephio/krm-functions/lib/condkptsdk/inventory.go:46.51,53.54 2 1
github.com/nephio-project/nephio/krm-functions/lib/condkptsdk/inventory.go:53.54,55.3 1 1
github.com/nephio-project/nephio/krm-functions/lib/condkptsdk/inventory.go:56.2,56.15 1 1
github.com/nephio-project/nephio/krm-functions/lib/condkptsdk/inventory.go:84.57,85.48 1 1
github.com/nephio-project/nephio/krm-functions/lib/condkptsdk/inventory.go:85.48,87.3 1 1
github.com/nephio-project/nephio/krm-functions/lib/condkptsdk/inventory.go:88.2,88.91 1 1
github.com/nephio-project/nephio/krm-functions/lib/condkptsdk/inventory.go:88.91,90.3 1 0
github.com/nephio-project/nephio/krm-functions/lib/condkptsdk/inventory.go:91.2,91.32 1 1
github.com/nephio-project/nephio/krm-functions/lib/condkptsdk/inventory.go:91.32,92.45 1 1
github.com/nephio-project/nephio/krm-functions/lib/condkptsdk/inventory.go:92.45,94.4 1 0
github.com/nephio-project/nephio/krm-functions/lib/condkptsdk/inventory.go:95.3,95.101 1 1
github.com/nephio-project/nephio/krm-functions/lib/condkptsdk/inventory.go:95.101,97.4 1 0
github.com/nephio-project/nephio/krm-functions/lib/condkptsdk/inventory.go:99.2,99.33 1 1
github.com/nephio-project/nephio/krm-functions/lib/condkptsdk/inventory.go:99.33,100.45 1 1
github.com/nephio-project/nephio/krm-functions/lib/condkptsdk/inventory.go:100.45,102.4 1 0
github.com/nephio-project/nephio/krm-functions/lib/condkptsdk/inventory.go:103.3,103.106 1 1
github.com/nephio-project/nephio/krm-functions/lib/condkptsdk/inventory.go:103.106,105.4 1 1
github.com/nephio-project/nephio/krm-functions/lib/condkptsdk/inventory.go:107.2,107.33 1 1
github.com/nephio-project/nephio/krm-functions/lib/condkptsdk/inventory.go:107.33,109.3 1 1
github.com/nephio-project/nephio/krm-functions/lib/condkptsdk/inventory.go:110.2,110.12 1 1
github.com/nephio-project/nephio/krm-functions/lib/condkptsdk/inventory.go:113.87,118.106 3 1
github.com/nephio-project/nephio/krm-functions/lib/condkptsdk/inventory.go:118.106,120.3 1 1
github.com/nephio-project/nephio/krm-functions/lib/condkptsdk/inventory.go:121.2,122.12 2 1
github.com/nephio-project/nephio/krm-functions/lib/condkptsdk/inventory.go:125.75,128.16 3 0
github.com/nephio-project/nephio/krm-functions/lib/condkptsdk/inventory.go:128.16,130.3 1 0
github.com/nephio-project/nephio/krm-functions/lib/condkptsdk/inventory.go:131.2,132.9 2 0
github.com/nephio-project/nephio/krm-functions/lib/condkptsdk/inventory.go:132.9,134.3 1 0
github.com/nephio-project/nephio/krm-functions/lib/condkptsdk/inventory.go:135.2,135.22 1 0
github.com/nephio-project/nephio/krm-functions/lib/condkptsdk/inventory_diff.go:55.73,60.81 4 1
github.com/nephio-project/nephio/krm-functions/lib/condkptsdk/inventory_diff.go:60.81,74.40 2 1
github.com/nephio-project/nephio/krm-functions/lib/condkptsdk/inventory_diff.go:74.40,75.85 1 0
github.com/nephio-project/nephio/krm-functions/lib/condkptsdk/inventory_diff.go:75.85,78.40 3 0
github.com/nephio-project/nephio/krm-functions/lib/condkptsdk/inventory_diff.go:78.40,80.6 1 0
github.com/nephio-project/nephio/krm-functions/lib/condkptsdk/inventory_diff.go:81.5,81.39 1 0
github.com/nephio-project/nephio/krm-functions/lib/condkptsdk/inventory_diff.go:81.39,83.6 1 0
github.com/nephio-project/nephio/krm-functions/lib/condkptsdk/inventory_diff.go:85.9,86.88 1 1
github.com/nephio-project/nephio/krm-functions/lib/condkptsdk/inventory_diff.go:86.88,89.12 2 1
github.com/nephio-project/nephio/krm-functions/lib/condkptsdk/inventory_diff.go:92.105,93.143 1 0
github.com/nephio-project/nephio/krm-functions/lib/condkptsdk/inventory_diff.go:93.143,95.7 1 0
github.com/nephio-project/nephio/krm-functions/lib/condkptsdk/inventory_diff.go:96.6,96.141 1 0
github.com/nephio-project/nephio/krm-functions/lib/condkptsdk/inventory_diff.go:98.103,99.143 1 0
github.com/nephio-project/nephio/krm-functions/lib/condkptsdk/inventory_diff.go:99.143,101.7 1 0
github.com/nephio-project/nephio/krm-functions/lib/condkptsdk/inventory_diff.go:102.6,102.135 1 0
github.com/nephio-project/nephio/krm-functions/lib/condkptsdk/inventory_diff.go:103.71,104.143 1 1
github.com/nephio-project/nephio/krm-functions/lib/condkptsdk/inventory_diff.go:104.143,106.7 1 1
github.com/nephio-project/nephio/krm-functions/lib/condkptsdk/inventory_diff.go:107.6,107.127 1 1
github.com/nephio-project/nephio/krm-functions/lib/condkptsdk/inventory_diff.go:110.71,111.143 1 0
github.com/nephio-project/nephio/krm-functions/lib/condkptsdk/inventory_diff.go:111.143,113.7 1 0
github.com/nephio-project/nephio/krm-functions/lib/condkptsdk/inventory_diff.go:114.6,114.72 1 0
github.com/nephio-project/nephio/krm-functions/lib/condkptsdk/inventory_diff.go:114.72,117.7 1 0
github.com/nephio-project/nephio/krm-functions/lib/condkptsdk/inventory_diff.go:120.71,121.143 1 1
github.com/nephio-project/nephio/krm-functions/lib/condkptsdk/inventory_diff.go:121.143,123.7 1 1
github.com/nephio-project/nephio/krm-functions/lib/condkptsdk/inventory_diff.go:124.6,124.153 1 1
github.com/nephio-project/nephio/krm-functions/lib/condkptsdk/inventory_diff.go:128.5,128.12 1 1
github.com/nephio-project/nephio/krm-functions/lib/condkptsdk/inventory_diff.go:130.70,132.143 1 1
github.com/nephio-project/nephio/krm-functions/lib/condkptsdk/inventory_diff.go:132.143,134.7 1 1
github.com/nephio-project/nephio/krm-functions/lib/condkptsdk/inventory_diff.go:135.6,135.141 1 1
github.com/nephio-project/nephio/krm-functions/lib/condkptsdk/inventory_diff.go:137.70,139.143 1 1
github.com/nephio-project/nephio/krm-functions/lib/condkptsdk/inventory_diff.go:139.143,141.7 1 1
github.com/nephio-project/nephio/krm-functions/lib/condkptsdk/inventory_diff.go:142.6,142.72 1 1
github.com/nephio-project/nephio/krm-functions/lib/condkptsdk/inventory_diff.go:142.72,144.7 1 1
github.com/nephio-project/nephio/krm-functions/lib/condkptsdk/inventory_diff.go:147.70,150.48 1 1
github.com/nephio-project/nephio/krm-functions/lib/condkptsdk/inventory_diff.go:150.48,153.21 2 1
github.com/nephio-project/nephio/krm-functions/lib/condkptsdk/inventory_diff.go:153.21,155.16 2 0
github.com/nephio-project/nephio/krm-functions/lib/condkptsdk/inventory_diff.go:157.7,158.21 2 1
github.com/nephio-project/nephio/krm-functions/lib/condkptsdk/inventory_diff.go:158.21,160.16 2 0
github.com/nephio-project/nephio/krm-functions/lib/condkptsdk/inventory_diff.go:163.7,163.56 1 1
github.com/nephio-project/nephio/krm-functions/lib/condkptsdk/inventory_diff.go:163.56,164.145 1 1
github.com/nephio-project/nephio/krm-functions/lib/condkptsdk/inventory_diff.go:164.145,166.9 1 1
github.com/nephio-project/nephio/krm-functions/lib/condkptsdk/inventory_diff.go:167.8,167.143 1 1
github.com/nephio-project/nephio/krm-functions/lib/condkptsdk/inventory_diff.go:172.7,173.44 2 1
github.com/nephio-project/nephio/krm-functions/lib/condkptsdk/inventory_diff.go:173.44,175.45 1 0
github.com/nephio-project/nephio/krm-functions/lib/condkptsdk/inventory_diff.go:175.45,176.68 1 0
github.com/nephio-project/nephio/krm-functions/lib/condkptsdk/inventory_diff.go:176.68,178.10 1 0
github.com/nephio-project/nephio/krm-functions/lib/condkptsdk/inventory_diff.go:179.9,179.170 1 0
github.com/nephio-project/nephio/krm-functions/lib/condkptsdk/inventory_diff.go:187.2,187.21 1 1
github.com/nephio-project/nephio/krm-functions/lib/condkptsdk/inventory_diff.go:190.56,193.16 3 1
github.com/nephio-project/nephio/krm-functions/lib/condkptsdk/inventory_diff.go:193.16,195.3 1 0
github.com/nephio-project/nephio/krm-functions/lib/condkptsdk/inventory_diff.go:196.2,196.9 1 1
github.com/nephio-project/nephio/krm-functions/lib/condkptsdk/inventory_diff.go:196.9,198.3 1 0
github.com/nephio-project/nephio/krm-functions/lib/condkptsdk/inventory_diff.go:199.2,199.19 1 1
github.com/nephio-project/nephio/krm-functions/lib/condkptsdk/inventory_ready.go:38.30,44.82 4 1
github.com/nephio-project/nephio/krm-functions/lib/condkptsdk/inventory_ready.go:44.82,46.38 2 1
github.com/nephio-project/nephio/krm-functions/lib/condkptsdk/inventory_ready.go:46.38,48.4 1 1
github.com/nephio-project/nephio/krm-functions/lib/condkptsdk/inventory_ready.go:52.3,52.37 1 1
github.com/nephio-project/nephio/krm-functions/lib/condkptsdk/inventory_ready.go:52.37,54.4 1 1
github.com/nephio-project/nephio/krm-functions/lib/condkptsdk/inventory_ready.go:54.9,56.61 1 1
github.com/nephio-project/nephio/krm-functions/lib/condkptsdk/inventory_ready.go:56.61,58.5 1 0
github.com/nephio-project/nephio/krm-functions/lib/condkptsdk/inventory_ready.go:61.2,61.14 1 1
github.com/nephio-project/nephio/krm-functions/lib/condkptsdk/inventory_ready.go:69.66,74.81 4 0
github.com/nephio-project/nephio/krm-functions/lib/condkptsdk/inventory_ready.go:74.81,82.84 2 0
github.com/nephio-project/nephio/krm-functions/lib/condkptsdk/inventory_ready.go:82.84,85.61 2 0
github.com/nephio-project/nephio/krm-functions/lib/condkptsdk/inventory_ready.go:85.61,87.5 1 0
github.com/nephio-project/nephio/krm-functions/lib/condkptsdk/inventory_ready.go:88.4,88.38 1 0
github.com/nephio-project/nephio/krm-functions/lib/condkptsdk/inventory_ready.go:88.38,90.5 1 0
github.com/nephio-project/nephio/krm-functions/lib/condkptsdk/inventory_ready.go:92.3,92.86 1 0
github.com/nephio-project/nephio/krm-functions/lib/condkptsdk/inventory_ready.go:92.86,95.98 2 0
github.com/nephio-project/nephio/krm-functions/lib/condkptsdk/inventory_ready.go:95.98,98.82 1 0
github.com/nephio-project/nephio/krm-functions/lib/condkptsdk/inventory_ready.go:98.82,100.6 1 0
github.com/nephio-project/nephio/krm-functions/lib/condkptsdk/inventory_ready.go:102.4,102.38 1 0
github.com/nephio-project/nephio/krm-functions/lib/condkptsdk/inventory_ready.go:102.38,104.5 1 0
github.com/nephio-project/nephio/krm-functions/lib/condkptsdk/inventory_ready.go:107.2,107.17 1 0
github.com/nephio-project/nephio/krm-functions/lib/condkptsdk/inventory_resources.go:63.96,69.16 4 1
github.com/nephio-project/nephio/krm-functions/lib/condkptsdk/inventory_resources.go:69.16,71.3 1 1
github.com/nephio-project/nephio/krm-functions/lib/condkptsdk/inventory_resources.go:72.2,72.45 1 1
github.com/nephio-project/nephio/krm-functions/lib/condkptsdk/inventory_resources.go:75.75,81.16 4 1
github.com/nephio-project/nephio/krm-functions/lib/condkptsdk/inventory_resources.go:81.16,83.3 1 0
github.com/nephio-project/nephio/krm-functions/lib/condkptsdk/inventory_resources.go:85.2,85.36 1 1
github.com/nephio-project/nephio/krm-functions/lib/condkptsdk/inventory_resources.go:88.101,94.16 4 1
github.com/nephio-project/nephio/krm-functions/lib/condkptsdk/inventory_resources.go:94.16,97.3 2 0
github.com/nephio-project/nephio/krm-functions/lib/condkptsdk/inventory_resources.go:99.2,99.33 1 1
github.com/nephio-project/nephio/krm-functions/lib/condkptsdk/inventory_resources.go:102.45,107.2 3 1
github.com/nephio-project/nephio/krm-functions/lib/condkptsdk/inventory_resources.go:109.51,111.45 2 1
github.com/nephio-project/nephio/krm-functions/lib/condkptsdk/inventory_resources.go:111.45,113.37 2 1
github.com/nephio-project/nephio/krm-functions/lib/condkptsdk/inventory_resources.go:113.37,115.4 1 1
github.com/nephio-project/nephio/krm-functions/lib/condkptsdk/inventory_resources.go:117.2,117.16 1 1
github.com/nephio-project/nephio/krm-functions/lib/condkptsdk/inventory_resources.go:121.67,122.39 1 1
github.com/nephio-project/nephio/krm-functions/lib/condkptsdk/inventory_resources.go:122.39,124.3 1 1
github.com/nephio-project/nephio/krm-functions/lib/condkptsdk/inventory_resources.go:125.2,125.13 1 1
github.com/nephio-project/nephio/krm-functions/lib/condkptsdk/inventory_resources.go:129.53,133.2 1 1
github.com/nephio-project/nephio/krm-functions/lib/condkptsdk/inventory_resources.go:135.89,136.19 1 1
github.com/nephio-project/nephio/krm-functions/lib/condkptsdk/inventory_resources.go:137.9,138.69 1 0
github.com/nephio-project/nephio/krm-functions/lib/condkptsdk/inventory_resources.go:139.9,140.43 1 1
github.com/nephio-project/nephio/krm-functions/lib/condkptsdk/inventory_resources.go:140.43,142.4 1 1
github.com/nephio-project/nephio/krm-functions/lib/condkptsdk/inventory_resources.go:143.3,143.63 1 1
github.com/nephio-project/nephio/krm-functions/lib/condkptsdk/inventory_resources.go:144.9,145.22 1 1
github.com/nephio-project/nephio/krm-functions/lib/condkptsdk/inventory_resources.go:145.22,147.4 1 1
github.com/nephio-project/nephio/krm-functions/lib/condkptsdk/inventory_resources.go:148.3,148.100 1 1
github.com/nephio-project/nephio/krm-functions/lib/condkptsdk/inventory_resources.go:149.10,150.65 1 1
github.com/nephio-project/nephio/krm-functions/lib/condkptsdk/inventory_resources.go:155.98,156.20 1 1
github.com/nephio-project/nephio/krm-functions/lib/condkptsdk/inventory_resources.go:156.20,157.24 1 1
github.com/nephio-project/nephio/krm-functions/lib/condkptsdk/inventory_resources.go:158.25,162.14 3 1
github.com/nephio-project/nephio/krm-functions/lib/condkptsdk/inventory_resources.go:163.23,167.11 3 1
github.com/nephio-project/nephio/krm-functions/lib/condkptsdk/inventory_resources.go:167.11,170.5 1 1
github.com/nephio-project/nephio/krm-functions/lib/condkptsdk/inventory_resources.go:170.10,173.5 1 1
github.com/nephio-project/nephio/krm-functions/lib/condkptsdk/inventory_resources.go:174.4,174.14 1 1
github.com/nephio-project/nephio/krm-functions/lib/condkptsdk/inventory_resources.go:175.11,176.50 1 0
github.com/nephio-project/nephio/krm-functions/lib/condkptsdk/inventory_resources.go:181.2,181.31 1 1
github.com/nephio-project/nephio/krm-functions/lib/condkptsdk/inventory_resources.go:181.31,183.3 1 1
github.com/nephio-project/nephio/krm-functions/lib/condkptsdk/inventory_resources.go:184.2,184.55 1 1
github.com/nephio-project/nephio/krm-functions/lib/condkptsdk/inventory_resources.go:187.61,188.20 1 1
github.com/nephio-project/nephio/krm-functions/lib/condkptsdk/inventory_resources.go:188.20,191.3 2 1
github.com/nephio-project/nephio/krm-functions/lib/condkptsdk/inventory_resources.go:193.2,193.31 1 1
github.com/nephio-project/nephio/krm-functions/lib/condkptsdk/inventory_resources.go:193.31,195.3 1 1
github.com/nephio-project/nephio/krm-functions/lib/condkptsdk/inventory_resources.go:196.2,196.46 1 1
github.com/nephio-project/nephio/krm-functions/lib/condkptsdk/inventory_resources.go:200.92,201.20 1 1
github.com/nephio-project/nephio/krm-functions/lib/condkptsdk/inventory_resources.go:201.20,203.28 2 1
github.com/nephio-project/nephio/krm-functions/lib/condkptsdk/inventory_resources.go:203.28,206.4 1 1
github.com/nephio-project/nephio/krm-functions/lib/condkptsdk/inventory_resources.go:206.9,208.41 1 0
github.com/nephio-project/nephio/krm-functions/lib/condkptsdk/inventory_resources.go:208.41,210.5 1 0
github.com/nephio-project/nephio/krm-functions/lib/condkptsdk/inventory_resources.go:212.3,212.17 1 1
github.com/nephio-project/nephio/krm-functions/lib/condkptsdk/inventory_resources.go:216.2,216.54 1 1
github.com/nephio-project/nephio/krm-functions/lib/condkptsdk/inventory_resources.go:216.54,219.40 2 1
github.com/nephio-project/nephio/krm-functions/lib/condkptsdk/inventory_resources.go:219.40,220.41 1 1
github.com/nephio-project/nephio/krm-functions/lib/condkptsdk/inventory_resources.go:220.41,222.5 1 1
github.com/nephio-project/nephio/krm-functions/lib/condkptsdk/inventory_resources.go:224.3,224.17 1 1
github.com/nephio-project/nephio/krm-functions/lib/condkptsdk/inventory_resources.go:226.2,226.40 1 1
github.com/nephio-project/nephio/krm-functions/lib/condkptsdk/inventory_resources.go:226.40,229.3 1 1
github.com/nephio-project/nephio/krm-functions/lib/condkptsdk/inventory_resources.go:230.2,230.43 1 1
github.com/nephio-project/nephio/krm-functions/lib/condkptsdk/inventory_resources.go:233.48,234.15 1 1
github.com/nephio-project/nephio/krm-functions/lib/condkptsdk/inventory_resources.go:234.15,236.3 1 0
github.com/nephio-project/nephio/krm-functions/lib/condkptsdk/inventory_resources.go:237.2,239.12 3 1
github.com/nephio-project/nephio/krm-functions/lib/condkptsdk/inventory_resources.go:242.55,244.33 2 1
github.com/nephio-project/nephio/krm-functions/lib/condkptsdk/inventory_resources.go:244.33,248.3 3 1
github.com/nephio-project/nephio/krm-functions/lib/condkptsdk/inventory_resources.go:249.2,249.32 1 1
github.com/nephio-project/nephio/krm-functions/lib/condkptsdk/inventory_resources.go:249.32,253.3 3 1
github.com/nephio-project/nephio/krm-functions/lib/condkptsdk/inventory_resources.go:254.2,254.27 1 1
github.com/nephio-project/nephio/krm-functions/lib/condkptsdk/inventory_resources.go:254.27,258.3 3 1
github.com/nephio-project/nephio/krm-functions/lib/condkptsdk/sdk.go:60.82,60.101 1 0
github.com/nephio-project/nephio/krm-functions/lib/condkptsdk/sdk.go:64.64,66.16 2 1
github.com/nephio-project/nephio/krm-functions/lib/condkptsdk/sdk.go:66.16,68.3 1 1
github.com/nephio-project/nephio/krm-functions/lib/condkptsdk/sdk.go:69.2,75.15 2 1
github.com/nephio-project/nephio/krm-functions/lib/condkptsdk/sdk.go:87.35,88.27 1 0
github.com/nephio-project/nephio/krm-functions/lib/condkptsdk/sdk.go:88.27,91.3 2 0
github.com/nephio-project/nephio/krm-functions/lib/condkptsdk/sdk.go:93.2,94.20 2 0
github.com/nephio-project/nephio/krm-functions/lib/condkptsdk/sdk.go:94.20,98.3 3 0
github.com/nephio-project/nephio/krm-functions/lib/condkptsdk/sdk.go:100.2,102.16 3 0
github.com/nephio-project/nephio/krm-functions/lib/condkptsdk/sdk.go:102.16,106.3 3 0
github.com/nephio-project/nephio/krm-functions/lib/condkptsdk/sdk.go:110.2,111.33 2 0
github.com/nephio-project/nephio/krm-functions/lib/condkptsdk/sdk.go:111.33,112.51 1 0
github.com/nephio-project/nephio/krm-functions/lib/condkptsdk/sdk.go:112.51,114.4 1 0
github.com/nephio-project/nephio/krm-functions/lib/condkptsdk/sdk.go:118.2,118.46 1 0
github.com/nephio-project/nephio/krm-functions/lib/condkptsdk/sdk.go:118.46,120.3 1 0
github.com/nephio-project/nephio/krm-functions/lib/condkptsdk/sdk.go:122.2,122.13 1 0
github.com/nephio-project/nephio/krm-functions/lib/condkptsdk/sdk.go:122.13,124.3 1 0
github.com/nephio-project/nephio/krm-functions/lib/condkptsdk/sdk.go:128.2,131.45 2 0
github.com/nephio-project/nephio/krm-functions/lib/condkptsdk/sdk.go:131.45,133.3 1 0
github.com/nephio-project/nephio/krm-functions/lib/condkptsdk/sdk.go:135.2,135.13 1 0
github.com/nephio-project/nephio/krm-functions/lib/condkptsdk/sdk.go:135.13,137.3 1 0
github.com/nephio-project/nephio/krm-functions/lib/condkptsdk/sdk.go:139.2,139.43 1 0
github.com/nephio-project/nephio/krm-functions/lib/condkptsdk/sdk.go:139.43,141.3 1 0
github.com/nephio-project/nephio/krm-functions/lib/condkptsdk/sdk.go:143.2,143.43 1 0
github.com/nephio-project/nephio/krm-functions/lib/condkptsdk/sdk.go:143.43,145.3 1 0
github.com/nephio-project/nephio/krm-functions/lib/condkptsdk/sdk.go:147.2,147.18 1 0
github.com/nephio-project/nephio/krm-functions/lib/condkptsdk/sdk_list_inventory.go:21.31,22.37 1 0
github.com/nephio-project/nephio/krm-functions/lib/condkptsdk/sdk_list_inventory.go:22.37,24.3 1 0
github.com/nephio-project/nephio/krm-functions/lib/condkptsdk/sdk_populate_inventory.go:27.41,41.43 2 0
github.com/nephio-project/nephio/krm-functions/lib/condkptsdk/sdk_populate_inventory.go:41.43,46.42 3 0
github.com/nephio-project/nephio/krm-functions/lib/condkptsdk/sdk_populate_inventory.go:46.42,51.52 2 0
github.com/nephio-project/nephio/krm-functions/lib/condkptsdk/sdk_populate_inventory.go:51.52,53.5 1 0
github.com/nephio-project/nephio/krm-functions/lib/condkptsdk/sdk_populate_inventory.go:58.2,58.43 1 0
github.com/nephio-project/nephio/krm-functions/lib/condkptsdk/sdk_populate_inventory.go:58.43,62.17 4 0
github.com/nephio-project/nephio/krm-functions/lib/condkptsdk/sdk_populate_inventory.go:62.17,64.4 1 0
github.com/nephio-project/nephio/krm-functions/lib/condkptsdk/sdk_populate_inventory.go:65.3,66.71 2 0
github.com/nephio-project/nephio/krm-functions/lib/condkptsdk/sdk_populate_inventory.go:66.71,68.4 1 0
github.com/nephio-project/nephio/krm-functions/lib/condkptsdk/sdk_populate_inventory.go:70.2,70.31 1 0
github.com/nephio-project/nephio/krm-functions/lib/condkptsdk/sdk_populate_inventory.go:70.31,73.70 3 0
github.com/nephio-project/nephio/krm-functions/lib/condkptsdk/sdk_populate_inventory.go:73.70,75.4 1 0
github.com/nephio-project/nephio/krm-functions/lib/condkptsdk/sdk_populate_inventory.go:77.2,77.12 1 0
github.com/nephio-project/nephio/krm-functions/lib/condkptsdk/sdk_populate_inventory.go:80.107,85.9 2 0
github.com/nephio-project/nephio/krm-functions/lib/condkptsdk/sdk_populate_inventory.go:85.9,88.14 1 0
github.com/nephio-project/nephio/krm-functions/lib/condkptsdk/sdk_populate_inventory.go:88.14,90.4 1 0
github.com/nephio-project/nephio/krm-functions/lib/condkptsdk/sdk_populate_inventory.go:91.3,91.13 1 0
github.com/nephio-project/nephio/krm-functions/lib/condkptsdk/sdk_populate_inventory.go:94.2,94.28 1 0
github.com/nephio-project/nephio/krm-functions/lib/condkptsdk/sdk_populate_inventory.go:95.18,96.14 1 0
github.com/nephio-project/nephio/krm-functions/lib/condkptsdk/sdk_populate_inventory.go:96.14,98.4 1 0
github.com/nephio-project/nephio/krm-functions/lib/condkptsdk/sdk_populate_inventory.go:99.3,99.89 1 0
github.com/nephio-project/nephio/krm-functions/lib/condkptsdk/sdk_populate_inventory.go:99.89,103.4 3 0
github.com/nephio-project/nephio/krm-functions/lib/condkptsdk/sdk_populate_inventory.go:104.18,106.48 2 0
github.com/nephio-project/nephio/krm-functions/lib/condkptsdk/sdk_populate_inventory.go:106.48,109.15 1 0
github.com/nephio-project/nephio/krm-functions/lib/condkptsdk/sdk_populate_inventory.go:109.15,111.5 1 0
github.com/nephio-project/nephio/krm-functions/lib/condkptsdk/sdk_populate_inventory.go:112.4,112.14 1 0
github.com/nephio-project/nephio/krm-functions/lib/condkptsdk/sdk_populate_inventory.go:114.3,114.14 1 0
github.com/nephio-project/nephio/krm-functions/lib/condkptsdk/sdk_populate_inventory.go:114.14,116.4 1 0
github.com/nephio-project/nephio/krm-functions/lib/condkptsdk/sdk_populate_inventory.go:117.3,117.100 1 0
github.com/nephio-project/nephio/krm-functions/lib/condkptsdk/sdk_populate_inventory.go:117.100,121.4 3 0
github.com/nephio-project/nephio/krm-functions/lib/condkptsdk/sdk_populate_inventory.go:122.20,128.78 1 0
github.com/nephio-project/nephio/krm-functions/lib/condkptsdk/sdk_populate_inventory.go:128.78,132.15 2 0
github.com/nephio-project/nephio/krm-functions/lib/condkptsdk/sdk_populate_inventory.go:132.15,134.5 1 0
github.com/nephio-project/nephio/krm-functions/lib/condkptsdk/sdk_populate_inventory.go:135.4,135.99 1 0
github.com/nephio-project/nephio/krm-functions/lib/condkptsdk/sdk_populate_inventory.go:135.99,139.5 3 0
github.com/nephio-project/nephio/krm-functions/lib/condkptsdk/sdk_populate_inventory.go:140.9,144.41 1 0
github.com/nephio-project/nephio/krm-functions/lib/condkptsdk/sdk_populate_inventory.go:144.41,146.16 1 0
github.com/nephio-project/nephio/krm-functions/lib/condkptsdk/sdk_populate_inventory.go:146.16,148.6 1 0
github.com/nephio-project/nephio/krm-functions/lib/condkptsdk/sdk_populate_inventory.go:149.5,149.91 1 0
github.com/nephio-project/nephio/krm-functions/lib/condkptsdk/sdk_populate_inventory.go:149.91,153.6 3 0
github.com/nephio-project/nephio/krm-functions/lib/condkptsdk/sdk_populate_inventory.go:157.2,157.12 1 0
github.com/nephio-project/nephio/krm-functions/lib/condkptsdk/sdk_stage1.go:28.40,30.26 1 0
github.com/nephio-project/nephio/krm-functions/lib/condkptsdk/sdk_stage1.go:30.26,32.3 1 0
github.com/nephio-project/nephio/krm-functions/lib/condkptsdk/sdk_stage1.go:35.2,35.34 1 0
github.com/nephio-project/nephio/krm-functions/lib/condkptsdk/sdk_stage1.go:35.34,38.3 1 0
github.com/nephio-project/nephio/krm-functions/lib/condkptsdk/sdk_stage1.go:40.2,40.13 1 0
github.com/nephio-project/nephio/krm-functions/lib/condkptsdk/sdk_stage1.go:40.13,42.3 1 0
github.com/nephio-project/nephio/krm-functions/lib/condkptsdk/sdk_stage1.go:43.2,43.82 1 0
github.com/nephio-project/nephio/krm-functions/lib/condkptsdk/sdk_stage1.go:43.82,45.14 2 0
github.com/nephio-project/nephio/krm-functions/lib/condkptsdk/sdk_stage1.go:45.14,47.4 1 0
github.com/nephio-project/nephio/krm-functions/lib/condkptsdk/sdk_stage1.go:48.3,48.59 1 0
github.com/nephio-project/nephio/krm-functions/lib/condkptsdk/sdk_stage1.go:48.59,50.18 2 0
github.com/nephio-project/nephio/krm-functions/lib/condkptsdk/sdk_stage1.go:50.18,54.5 3 0
github.com/nephio-project/nephio/krm-functions/lib/condkptsdk/sdk_stage1.go:54.10,55.32 1 0
github.com/nephio-project/nephio/krm-functions/lib/condkptsdk/sdk_stage1.go:55.32,58.13 3 0
github.com/nephio-project/nephio/krm-functions/lib/condkptsdk/sdk_stage1.go:58.13,61.7 2 0
github.com/nephio-project/nephio/krm-functions/lib/condkptsdk/sdk_stage1.go:62.6,62.17 1 0
github.com/nephio-project/nephio/krm-functions/lib/condkptsdk/sdk_stage1.go:62.17,64.7 1 0
github.com/nephio-project/nephio/krm-functions/lib/condkptsdk/sdk_stage1.go:66.6,66.107 1 0
github.com/nephio-project/nephio/krm-functions/lib/condkptsdk/sdk_stage1.go:66.107,70.7 3 0
github.com/nephio-project/nephio/krm-functions/lib/condkptsdk/sdk_stage1.go:72.6,72.98 1 0
github.com/nephio-project/nephio/krm-functions/lib/condkptsdk/sdk_stage1.go:72.98,76.7 3 0
github.com/nephio-project/nephio/krm-functions/lib/condkptsdk/sdk_stage1.go:81.2,81.12 1 0
github.com/nephio-project/nephio/krm-functions/lib/condkptsdk/sdk_stage1.go:85.38,88.16 2 0
github.com/nephio-project/nephio/krm-functions/lib/condkptsdk/sdk_stage1.go:88.16,91.3 2 0
github.com/nephio-project/nephio/krm-functions/lib/condkptsdk/sdk_stage1.go:92.2,92.13 1 0
github.com/nephio-project/nephio/krm-functions/lib/condkptsdk/sdk_stage1.go:92.13,94.3 1 0
github.com/nephio-project/nephio/krm-functions/lib/condkptsdk/sdk_stage1.go:97.2,97.34 1 0
github.com/nephio-project/nephio/krm-functions/lib/condkptsdk/sdk_stage1.go:97.34,98.37 1 0
github.com/nephio-project/nephio/krm-functions/lib/condkptsdk/sdk_stage1.go:98.37,100.31 1 0
github.com/nephio-project/nephio/krm-functions/lib/condkptsdk/sdk_stage1.go:100.31,101.16 1 0
github.com/nephio-project/nephio/krm-functions/lib/condkptsdk/sdk_stage1.go:101.16,103.6 1 0
github.com/nephio-project/nephio/krm-functions/lib/condkptsdk/sdk_stage1.go:104.5,104.100 1 0
github.com/nephio-project/nephio/krm-functions/lib/condkptsdk/sdk_stage1.go:104.100,106.6 1 0
github.com/nephio-project/nephio/krm-functions/lib/condkptsdk/sdk_stage1.go:109.4,109.40 1 0
github.com/nephio-project/nephio/krm-functions/lib/condkptsdk/sdk_stage1.go:109.40,110.16 1 0
github.com/nephio-project/nephio/krm-functions/lib/condkptsdk/sdk_stage1.go:110.16,112.6 1 0
github.com/nephio-project/nephio/krm-functions/lib/condkptsdk/sdk_stage1.go:113.5,113.162 1 0
github.com/nephio-project/nephio/krm-functions/lib/condkptsdk/sdk_stage1.go:113.162,115.6 1 0
github.com/nephio-project/nephio/krm-functions/lib/condkptsdk/sdk_stage1.go:118.8,120.37 1 0
github.com/nephio-project/nephio/krm-functions/lib/condkptsdk/sdk_stage1.go:120.37,122.31 1 0
github.com/nephio-project/nephio/krm-functions/lib/condkptsdk/sdk_stage1.go:122.31,123.16 1 0
github.com/nephio-project/nephio/krm-functions/lib/condkptsdk/sdk_stage1.go:123.16,125.6 1 0
github.com/nephio-project/nephio/krm-functions/lib/condkptsdk/sdk_stage1.go:126.5,126.155 1 0
github.com/nephio-project/nephio/krm-functions/lib/condkptsdk/sdk_stage1.go:126.155,128.6 1 0
github.com/nephio-project/nephio/krm-functions/lib/condkptsdk/sdk_stage1.go:130.4,130.46 1 0
github.com/nephio-project/nephio/krm-functions/lib/condkptsdk/sdk_stage1.go:130.46,131.16 1 0
github.com/nephio-project/nephio/krm-functions/lib/condkptsdk/sdk_stage1.go:131.16,133.6 1 0
github.com/nephio-project/nephio/krm-functions/lib/condkptsdk/sdk_stage1.go:134.5,134.184 1 0
github.com/nephio-project/nephio/krm-functions/lib/condkptsdk/sdk_stage1.go:134.184,136.6 1 0
github.com/nephio-project/nephio/krm-functions/lib/condkptsdk/sdk_stage1.go:138.4,138.53 1 0
github.com/nephio-project/nephio/krm-functions/lib/condkptsdk/sdk_stage1.go:138.53,139.16 1 0
github.com/nephio-project/nephio/krm-functions/lib/condkptsdk/sdk_stage1.go:139.16,141.6 1 0
github.com/nephio-project/nephio/krm-functions/lib/condkptsdk/sdk_stage1.go:142.5,142.181 1 0
github.com/nephio-project/nephio/krm-functions/lib/condkptsdk/sdk_stage1.go:142.181,144.6 1 0
github.com/nephio-project/nephio/krm-functions/lib/condkptsdk/sdk_stage1.go:146.4,146.50 1 0
github.com/nephio-project/nephio/krm-functions/lib/condkptsdk/sdk_stage1.go:146.50,147.16 1 0
github.com/nephio-project/nephio/krm-functions/lib/condkptsdk/sdk_stage1.go:147.16,149.6 1 0
github.com/nephio-project/nephio/krm-functions/lib/condkptsdk/sdk_stage1.go:150.5,150.180 1 0
github.com/nephio-project/nephio/krm-functions/lib/condkptsdk/sdk_stage1.go:150.180,152.6 1 0
github.com/nephio-project/nephio/krm-functions/lib/condkptsdk/sdk_stage1.go:154.4,154.46 1 0
github.com/nephio-project/nephio/krm-functions/lib/condkptsdk/sdk_stage1.go:154.46,155.16 1 0
github.com/nephio-project/nephio/krm-functions/lib/condkptsdk/sdk_stage1.go:155.16,157.6 1 0
github.com/nephio-project/nephio/krm-functions/lib/condkptsdk/sdk_stage1.go:158.5,158.109 1 0
github.com/nephio-project/nephio/krm-functions/lib/condkptsdk/sdk_stage1.go:158.109,160.6 1 0
github.com/nephio-project/nephio/krm-functions/lib/condkptsdk/sdk_stage1.go:163.4,163.40 1 0
github.com/nephio-project/nephio/krm-functions/lib/condkptsdk/sdk_stage1.go:163.40,164.16 1 0
github.com/nephio-project/nephio/krm-functions/lib/condkptsdk/sdk_stage1.go:164.16,166.6 1 0
github.com/nephio-project/nephio/krm-functions/lib/condkptsdk/sdk_stage1.go:167.5,167.162 1 0
github.com/nephio-project/nephio/krm-functions/lib/condkptsdk/sdk_stage1.go:167.162,169.6 1 0
github.com/nephio-project/nephio/krm-functions/lib/condkptsdk/sdk_stage1.go:171.4,171.40 1 0
github.com/nephio-project/nephio/krm-functions/lib/condkptsdk/sdk_stage1.go:171.40,172.16 1 0
github.com/nephio-project/nephio/krm-functions/lib/condkptsdk/sdk_stage1.go:172.16,174.6 1 0
github.com/nephio-project/nephio/krm-functions/lib/condkptsdk/sdk_stage1.go:175.5,175.162 1 0
github.com/nephio-project/nephio/krm-functions/lib/condkptsdk/sdk_stage1.go:175.162,177.6 1 0
github.com/nephio-project/nephio/krm-functions/lib/condkptsdk/sdk_stage1.go:179.4,179.40 1 0
github.com/nephio-project/nephio/krm-functions/lib/condkptsdk/sdk_stage1.go:179.40,180.16 1 0
github.com/nephio-project/nephio/krm-functions/lib/condkptsdk/sdk_stage1.go:180.16,182.6 1 0
github.com/nephio-project/nephio/krm-functions/lib/condkptsdk/sdk_stage1.go:183.5,183.161 1 0
github.com/nephio-project/nephio/krm-functions/lib/condkptsdk/sdk_stage1.go:183.161,185.6 1 0
github.com/nephio-project/nephio/krm-functions/lib/condkptsdk/sdk_stage1.go:190.4,190.53 1 0
github.com/nephio-project/nephio/krm-functions/lib/condkptsdk/sdk_stage1.go:190.53,191.16 1 0
github.com/nephio-project/nephio/krm-functions/lib/condkptsdk/sdk_stage1.go:191.16,193.6 1 0
github.com/nephio-project/nephio/krm-functions/lib/condkptsdk/sdk_stage1.go:194.5,194.161 1 0
github.com/nephio-project/nephio/krm-functions/lib/condkptsdk/sdk_stage1.go:194.161,196.6 1 0
github.com/nephio-project/nephio/krm-functions/lib/condkptsdk/sdk_stage1.go:201.2,201.26 1 0
github.com/nephio-project/nephio/krm-functions/lib/condkptsdk/sdk_stage2.go:31.38,32.13 1 0
github.com/nephio-project/nephio/krm-functions/lib/condkptsdk/sdk_stage2.go:32.13,34.3 1 0
github.com/nephio-project/nephio/krm-functions/lib/condkptsdk/sdk_stage2.go:35.2,35.34 1 0
github.com/nephio-project/nephio/krm-functions/lib/condkptsdk/sdk_stage2.go:35.34,39.37 2 0
github.com/nephio-project/nephio/krm-functions/lib/condkptsdk/sdk_stage2.go:39.37,40.30 1 0
github.com/nephio-project/nephio/krm-functions/lib/condkptsdk/sdk_stage2.go:40.30,41.29 1 0
github.com/nephio-project/nephio/krm-functions/lib/condkptsdk/sdk_stage2.go:41.29,43.6 1 0
github.com/nephio-project/nephio/krm-functions/lib/condkptsdk/sdk_stage2.go:46.3,46.13 1 0
github.com/nephio-project/nephio/krm-functions/lib/condkptsdk/sdk_stage2.go:49.2,64.41 2 0
github.com/nephio-project/nephio/krm-functions/lib/condkptsdk/sdk_stage2.go:64.41,65.14 1 0
github.com/nephio-project/nephio/krm-functions/lib/condkptsdk/sdk_stage2.go:65.14,67.4 1 0
github.com/nephio-project/nephio/krm-functions/lib/condkptsdk/sdk_stage2.go:69.3,69.22 1 0
github.com/nephio-project/nephio/krm-functions/lib/condkptsdk/sdk_stage2.go:69.22,70.30 1 0
github.com/nephio-project/nephio/krm-functions/lib/condkptsdk/sdk_stage2.go:70.30,72.29 1 0
github.com/nephio-project/nephio/krm-functions/lib/condkptsdk/sdk_stage2.go:72.29,75.6 1 0
github.com/nephio-project/nephio/krm-functions/lib/condkptsdk/sdk_stage2.go:77.4,77.12 1 0
github.com/nephio-project/nephio/krm-functions/lib/condkptsdk/sdk_stage2.go:79.3,79.36 1 0
github.com/nephio-project/nephio/krm-functions/lib/condkptsdk/sdk_stage2.go:79.36,81.36 2 0
github.com/nephio-project/nephio/krm-functions/lib/condkptsdk/sdk_stage2.go:81.36,84.5 2 0
github.com/nephio-project/nephio/krm-functions/lib/condkptsdk/sdk_stage2.go:85.4,85.39 1 0
github.com/nephio-project/nephio/krm-functions/lib/condkptsdk/sdk_stage2.go:85.39,88.5 2 0
github.com/nephio-project/nephio/krm-functions/lib/condkptsdk/sdk_stage2.go:89.4,93.23 1 0
github.com/nephio-project/nephio/krm-functions/lib/condkptsdk/sdk_stage2.go:93.23,95.5 1 0
github.com/nephio-project/nephio/krm-functions/lib/condkptsdk/sdk_stage2.go:99.2,99.26 1 0
github.com/nephio-project/nephio/krm-functions/lib/condkptsdk/sdk_stage2.go:104.148,106.16 2 0
github.com/nephio-project/nephio/krm-functions/lib/condkptsdk/sdk_stage2.go:106.16,110.3 3 0
github.com/nephio-project/nephio/krm-functions/lib/condkptsdk/sdk_stage2.go:111.2,111.19 1 0
github.com/nephio-project/nephio/krm-functions/lib/condkptsdk/sdk_stage2.go:111.19,115.3 3 0
github.com/nephio-project/nephio/krm-functions/lib/condkptsdk/sdk_stage2.go:117.2,117.25 1 0
github.com/nephio-project/nephio/krm-functions/lib/condkptsdk/sdk_stage2.go:117.25,119.32 1 0
github.com/nephio-project/nephio/krm-functions/lib/condkptsdk/sdk_stage2.go:119.32,120.86 1 0
github.com/nephio-project/nephio/krm-functions/lib/condkptsdk/sdk_stage2.go:120.86,124.5 3 0
github.com/nephio-project/nephio/krm-functions/lib/condkptsdk/sdk_stage2.go:130.2,130.154 1 0
github.com/nephio-project/nephio/krm-functions/lib/condkptsdk/sdk_updates.go:30.183,32.79 1 0
github.com/nephio-project/nephio/krm-functions/lib/condkptsdk/sdk_updates.go:32.79,36.3 3 0
github.com/nephio-project/nephio/krm-functions/lib/condkptsdk/sdk_updates.go:38.2,38.23 1 0
github.com/nephio-project/nephio/krm-functions/lib/condkptsdk/sdk_updates.go:38.23,39.74 1 0
github.com/nephio-project/nephio/krm-functions/lib/condkptsdk/sdk_updates.go:39.74,43.4 3 0
github.com/nephio-project/nephio/krm-functions/lib/condkptsdk/sdk_updates.go:46.2,46.19 1 0
github.com/nephio-project/nephio/krm-functions/lib/condkptsdk/sdk_updates.go:46.19,47.68 1 0
github.com/nephio-project/nephio/krm-functions/lib/condkptsdk/sdk_updates.go:47.68,51.4 3 0
github.com/nephio-project/nephio/krm-functions/lib/condkptsdk/sdk_updates.go:52.8,53.33 1 0
github.com/nephio-project/nephio/krm-functions/lib/condkptsdk/sdk_updates.go:53.33,54.69 1 0
github.com/nephio-project/nephio/krm-functions/lib/condkptsdk/sdk_updates.go:54.69,58.5 3 0
github.com/nephio-project/nephio/krm-functions/lib/condkptsdk/sdk_updates.go:61.2,61.12 1 0
github.com/nephio-project/nephio/krm-functions/lib/condkptsdk/sdk_updates.go:64.91,65.24 1 0
github.com/nephio-project/nephio/krm-functions/lib/condkptsdk/sdk_updates.go:65.24,67.3 1 0
github.com/nephio-project/nephio/krm-functions/lib/condkptsdk/sdk_updates.go:68.2,69.20 2 0
github.com/nephio-project/nephio/krm-functions/lib/condkptsdk/sdk_updates.go:69.20,73.100 2 0
github.com/nephio-project/nephio/krm-functions/lib/condkptsdk/sdk_updates.go:73.100,77.4 3 0
github.com/nephio-project/nephio/krm-functions/lib/condkptsdk/sdk_updates.go:78.8,83.108 3 0
github.com/nephio-project/nephio/krm-functions/lib/condkptsdk/sdk_updates.go:83.108,87.4 3 0
github.com/nephio-project/nephio/krm-functions/lib/condkptsdk/sdk_updates.go:89.2,89.12 1 0
github.com/nephio-project/nephio/krm-functions/lib/condkptsdk/sdk_updates.go:92.160,93.24 1 0
github.com/nephio-project/nephio/krm-functions/lib/condkptsdk/sdk_updates.go:93.24,95.3 1 0
github.com/nephio-project/nephio/krm-functions/lib/condkptsdk/sdk_updates.go:96.2,96.14 1 0
github.com/nephio-project/nephio/krm-functions/lib/condkptsdk/sdk_updates.go:96.14,101.3 4 0
github.com/nephio-project/nephio/krm-functions/lib/condkptsdk/sdk_updates.go:102.2,103.20 2 0
github.com/nephio-project/nephio/krm-functions/lib/condkptsdk/sdk_updates.go:103.20,110.3 2 0
github.com/nephio-project/nephio/krm-functions/lib/condkptsdk/sdk_updates.go:110.8,120.116 4 0
github.com/nephio-project/nephio/krm-functions/lib/condkptsdk/sdk_updates.go:120.116,124.4 3 0
github.com/nephio-project/nephio/krm-functions/lib/condkptsdk/sdk_updates.go:126.2,126.12 1 0
github.com/nephio-project/nephio/krm-functions/lib/condkptsdk/sdk_updates.go:129.102,130.24 1 0
github.com/nephio-project/nephio/krm-functions/lib/condkptsdk/sdk_updates.go:130.24,132.3 1 0
github.com/nephio-project/nephio/krm-functions/lib/condkptsdk/sdk_updates.go:133.2,134.20 2 0
github.com/nephio-project/nephio/krm-functions/lib/condkptsdk/sdk_updates.go:134.20,135.71 1 0
github.com/nephio-project/nephio/krm-functions/lib/condkptsdk/sdk_updates.go:135.71,139.4 3 0
github.com/nephio-project/nephio/krm-functions/lib/condkptsdk/sdk_updates.go:141.3,141.114 1 0
github.com/nephio-project/nephio/krm-functions/lib/condkptsdk/sdk_updates.go:141.114,145.4 3 0
github.com/nephio-project/nephio/krm-functions/lib/condkptsdk/sdk_updates.go:146.8,148.71 2 0
github.com/nephio-project/nephio/krm-functions/lib/condkptsdk/sdk_updates.go:148.71,152.4 3 0
github.com/nephio-project/nephio/krm-functions/lib/condkptsdk/sdk_updates.go:154.3,154.122 1 0
github.com/nephio-project/nephio/krm-functions/lib/condkptsdk/sdk_updates.go:154.122,158.4 3 0
github.com/nephio-project/nephio/krm-functions/lib/condkptsdk/sdk_updates.go:160.2,160.12 1 0
github.com/nephio-project/nephio/krm-functions/lib/condkptsdk/sdk_updates.go:163.37,167.16 3 0
github.com/nephio-project/nephio/krm-functions/lib/condkptsdk/sdk_updates.go:167.16,171.3 3 0
github.com/nephio-project/nephio/krm-functions/lib/condkptsdk/sdk_updates.go:172.2,172.69 1 0
github.com/nephio-project/nephio/krm-functions/lib/condkptsdk/sdk_updates.go:172.69,176.3 3 0
github.com/nephio-project/nephio/krm-functions/lib/condkptsdk/sdk_updates.go:177.2,177.12 1 0
github.com/nephio-project/nephio/krm-functions/lib/condkptsdk/sdk_updates.go:180.61,181.33 1 0
github.com/nephio-project/nephio/krm-functions/lib/condkptsdk/sdk_updates.go:181.33,182.27 1 0
github.com/nephio-project/nephio/krm-functions/lib/condkptsdk/sdk_updates.go:182.27,184.4 1 0
github.com/nephio-project/nephio/krm-functions/lib/condkptsdk/sdk_watches.go:27.35,28.79 1 0
github.com/nephio-project/nephio/krm-functions/lib/condkptsdk/sdk_watches.go:28.79,29.14 1 0
github.com/nephio-project/nephio/krm-functions/lib/condkptsdk/sdk_watches.go:29.14,31.4 1 0
github.com/nephio-project/nephio/krm-functions/lib/condkptsdk/sdk_watches.go:32.3,32.42 1 0
github.com/nephio-project/nephio/krm-functions/lib/condkptsdk/sdk_watches.go:32.42,33.80 1 0
github.com/nephio-project/nephio/krm-functions/lib/condkptsdk/sdk_watches.go:33.80,37.5 3 0
github.com/nephio-project/nephio/krm-functions/lib/condkptsdk/utils.go:28.55,29.44 1 1
github.com/nephio-project/nephio/krm-functions/lib/condkptsdk/utils.go:29.44,31.3 1 1
github.com/nephio-project/nephio/krm-functions/lib/condkptsdk/utils.go:32.2,32.12 1 1
github.com/nephio-project/nephio/krm-functions/lib/condkptsdk/utils.go:37.56,38.62 1 1
github.com/nephio-project/nephio/krm-functions/lib/condkptsdk/utils.go:38.62,41.3 2 1
github.com/nephio-project/nephio/krm-functions/lib/condkptsdk/utils.go:42.2,42.12 1 1
github.com/nephio-project/nephio/krm-functions/lib/condkptsdk/utils.go:46.80,48.2 1 1
github.com/nephio-project/nephio/krm-functions/lib/condkptsdk/utils.go:51.54,55.17 1 1
github.com/nephio-project/nephio/krm-functions/lib/condkptsdk/utils.go:55.17,57.3 1 1
github.com/nephio-project/nephio/krm-functions/lib/condkptsdk/utils.go:58.2,58.13 1 1
github.com/nephio-project/nephio/krm-functions/lib/condkptsdk/utils.go:62.55,66.50 1 1
github.com/nephio-project/nephio/krm-functions/lib/condkptsdk/utils.go:66.50,68.3 1 1
github.com/nephio-project/nephio/krm-functions/lib/condkptsdk/utils.go:69.2,69.14 1 1
github.com/nephio-project/nephio/krm-functions/lib/interface/v1alpha1/interface.go:31.62,33.16 2 0
github.com/nephio-project/nephio/krm-functions/lib/interface/v1alpha1/interface.go:33.16,35.3 1 0
github.com/nephio-project/nephio/krm-functions/lib/interface/v1alpha1/interface.go:36.2,36.28 1 0
github.com/nephio-project/nephio/krm-functions/lib/interface/v1alpha1/interface.go:41.48,43.16 2 1
github.com/nephio-project/nephio/krm-functions/lib/interface/v1alpha1/interface.go:43.16,45.3 1 1
github.com/nephio-project/nephio/krm-functions/lib/interface/v1alpha1/interface.go:46.2,46.28 1 1
github.com/nephio-project/nephio/krm-functions/lib/interface/v1alpha1/interface.go:51.74,53.16 2 1
github.com/nephio-project/nephio/krm-functions/lib/interface/v1alpha1/interface.go:53.16,55.3 1 1
github.com/nephio-project/nephio/krm-functions/lib/interface/v1alpha1/interface.go:56.2,56.28 1 1
github.com/nephio-project/nephio/krm-functions/lib/interface/v1alpha1/interface.go:59.73,61.2 1 1
github.com/nephio-project/nephio/krm-functions/lib/interface/v1alpha1/interface.go:63.77,65.2 1 1
github.com/nephio-project/nephio/krm-functions/lib/ipalloc/v1alpha1/ipalloc.go:31.65,33.16 2 0
github.com/nephio-project/nephio/krm-functions/lib/ipalloc/v1alpha1/ipalloc.go:33.16,35.3 1 0
github.com/nephio-project/nephio/krm-functions/lib/ipalloc/v1alpha1/ipalloc.go:36.2,36.31 1 0
github.com/nephio-project/nephio/krm-functions/lib/ipalloc/v1alpha1/ipalloc.go:41.51,43.16 2 1
github.com/nephio-project/nephio/krm-functions/lib/ipalloc/v1alpha1/ipalloc.go:43.16,45.3 1 1
github.com/nephio-project/nephio/krm-functions/lib/ipalloc/v1alpha1/ipalloc.go:46.2,46.31 1 1
github.com/nephio-project/nephio/krm-functions/lib/ipalloc/v1alpha1/ipalloc.go:51.75,53.16 2 1
github.com/nephio-project/nephio/krm-functions/lib/ipalloc/v1alpha1/ipalloc.go:53.16,55.3 1 1
github.com/nephio-project/nephio/krm-functions/lib/ipalloc/v1alpha1/ipalloc.go:56.2,56.31 1 1
github.com/nephio-project/nephio/krm-functions/lib/ipalloc/v1alpha1/ipalloc.go:59.74,61.2 1 1
github.com/nephio-project/nephio/krm-functions/lib/ipalloc/v1alpha1/ipalloc.go:63.78,65.2 1 1
github.com/nephio-project/nephio/krm-functions/lib/kptrl/kptrl.go:34.65,36.2 1 1
github.com/nephio-project/nephio/krm-functions/lib/kptrl/kptrl.go:39.48,41.2 1 1
github.com/nephio-project/nephio/krm-functions/lib/kptrl/kptrl.go:45.70,46.52 1 1
github.com/nephio-project/nephio/krm-functions/lib/kptrl/kptrl.go:46.52,46.84 1 1
github.com/nephio-project/nephio/krm-functions/lib/kptrl/kptrl.go:50.55,52.2 1 1
github.com/nephio-project/nephio/krm-functions/lib/kptrl/kptrl.go:57.60,59.2 1 1
github.com/nephio-project/nephio/krm-functions/lib/kptrl/kptrl.go:62.57,63.30 1 1
github.com/nephio-project/nephio/krm-functions/lib/kptrl/kptrl.go:63.30,64.27 1 1
github.com/nephio-project/nephio/krm-functions/lib/kptrl/kptrl.go:64.27,66.4 1 1
github.com/nephio-project/nephio/krm-functions/lib/kptrl/kptrl.go:71.55,75.50 1 1
github.com/nephio-project/nephio/krm-functions/lib/kptrl/kptrl.go:75.50,77.3 1 1
github.com/nephio-project/nephio/krm-functions/lib/kptrl/kptrl.go:78.2,78.14 1 1
github.com/nephio-project/nephio/krm-functions/lib/kptrl/kptrl.go:81.52,82.26 1 1
github.com/nephio-project/nephio/krm-functions/lib/kptrl/kptrl.go:82.26,84.69 2 1
github.com/nephio-project/nephio/krm-functions/lib/kptrl/kptrl.go:84.69,86.4 1 1
github.com/nephio-project/nephio/krm-functions/lib/kptrl/kptrl.go:88.2,88.14 1 0
github.com/nephio-project/nephio/krm-functions/lib/kptrl/kptrl.go:91.77,93.36 2 1
github.com/nephio-project/nephio/krm-functions/lib/kptrl/kptrl.go:93.36,94.64 1 1
github.com/nephio-project/nephio/krm-functions/lib/kptrl/kptrl.go:94.64,102.4 1 1
github.com/nephio-project/nephio/krm-functions/lib/kptrl/kptrl.go:104.2,110.16 3 1
github.com/nephio-project/nephio/krm-functions/lib/kptrl/kptrl.go:110.16,112.3 1 0
github.com/nephio-project/nephio/krm-functions/lib/kptrl/kptrl.go:114.2,117.29 2 1
github.com/nephio-project/nephio/krm-functions/lib/kptrl/kptrl.go:117.29,119.17 2 1
github.com/nephio-project/nephio/krm-functions/lib/kptrl/kptrl.go:119.17,121.4 1 0
github.com/nephio-project/nephio/krm-functions/lib/kptrl/kptrl.go:122.3,123.17 2 1
github.com/nephio-project/nephio/krm-functions/lib/kptrl/kptrl.go:123.17,125.4 1 0
github.com/nephio-project/nephio/krm-functions/lib/kptrl/kptrl.go:126.3,126.62 1 1
github.com/nephio-project/nephio/krm-functions/lib/kptrl/kptrl.go:126.62,127.14 1 0
github.com/nephio-project/nephio/krm-functions/lib/kptrl/kptrl.go:130.2,130.16 1 1
github.com/nephio-project/nephio/krm-functions/lib/kptfile/v1/condition.go:30.57,33.24 3 1
github.com/nephio-project/nephio/krm-functions/lib/kptfile/v1/condition.go:33.24,35.17 2 1
github.com/nephio-project/nephio/krm-functions/lib/kptfile/v1/condition.go:35.17,37.4 1 1
github.com/nephio-project/nephio/krm-functions/lib/kptfile/v1/condition.go:39.2,39.18 1 1
github.com/nephio-project/nephio/krm-functions/lib/kptfile/v1/condition.go:39.18,40.24 1 1
github.com/nephio-project/nephio/krm-functions/lib/kptfile/v1/condition.go:40.24,42.4 1 1
github.com/nephio-project/nephio/krm-functions/lib/kptfile/v1/condition.go:43.3,43.25 1 1
github.com/nephio-project/nephio/krm-functions/lib/kptfile/v1/condition.go:45.2,45.18 1 1
github.com/nephio-project/nephio/krm-functions/lib/kptfile/v1/condition.go:45.18,46.24 1 1
github.com/nephio-project/nephio/krm-functions/lib/kptfile/v1/condition.go:46.24,48.4 1 1
github.com/nephio-project/nephio/krm-functions/lib/kptfile/v1/condition.go:49.3,49.25 1 1
github.com/nephio-project/nephio/krm-functions/lib/kptfile/v1/condition.go:51.2,51.20 1 1
github.com/nephio-project/nephio/krm-functions/lib/kptfile/v1/condition.go:57.70,61.20 4 0
github.com/nephio-project/nephio/krm-functions/lib/kptfile/v1/condition.go:61.20,64.3 2 0
github.com/nephio-project/nephio/krm-functions/lib/kptfile/v1/condition.go:65.2,66.24 2 0
github.com/nephio-project/nephio/krm-functions/lib/kptfile/v1/condition.go:66.24,72.3 1 0
github.com/nephio-project/nephio/krm-functions/lib/kptfile/v1/condition.go:73.2,73.34 1 0
github.com/nephio-project/nephio/krm-functions/lib/kptfile/v1/kpt.go:55.37,57.53 2 1
github.com/nephio-project/nephio/krm-functions/lib/kptfile/v1/kpt.go:57.53,59.3 1 1
github.com/nephio-project/nephio/krm-functions/lib/kptfile/v1/kpt.go:60.2,62.8 1 1
github.com/nephio-project/nephio/krm-functions/lib/kptfile/v1/kpt.go:72.45,73.22 1 1
github.com/nephio-project/nephio/krm-functions/lib/kptfile/v1/kpt.go:73.22,75.3 1 0
github.com/nephio-project/nephio/krm-functions/lib/kptfile/v1/kpt.go:76.2,76.32 1 1
github.com/nephio-project/nephio/krm-functions/lib/kptfile/v1/kpt.go:81.61,85.16 4 1
github.com/nephio-project/nephio/krm-functions/lib/kptfile/v1/kpt.go:85.16,87.3 1 0
github.com/nephio-project/nephio/krm-functions/lib/kptfile/v1/kpt.go:88.2,88.30 1 1
github.com/nephio-project/nephio/krm-functions/lib/kptfile/v1/kpt.go:92.47,94.2 1 1
github.com/nephio-project/nephio/krm-functions/lib/kptfile/v1/kpt.go:98.55,102.34 3 1
github.com/nephio-project/nephio/krm-functions/lib/kptfile/v1/kpt.go:102.34,106.3 1 1
github.com/nephio-project/nephio/krm-functions/lib/kptfile/v1/kpt.go:106.8,108.46 1 1
github.com/nephio-project/nephio/krm-functions/lib/kptfile/v1/kpt.go:108.46,112.4 1 0
github.com/nephio-project/nephio/krm-functions/lib/kptfile/v1/kpt.go:117.2,117.24 1 1
github.com/nephio-project/nephio/krm-functions/lib/kptfile/v1/kpt.go:117.24,119.61 2 1
github.com/nephio-project/nephio/krm-functions/lib/kptfile/v1/kpt.go:119.61,122.33 1 1
github.com/nephio-project/nephio/krm-functions/lib/kptfile/v1/kpt.go:122.33,123.13 1 1
github.com/nephio-project/nephio/krm-functions/lib/kptfile/v1/kpt.go:125.4,126.17 2 1
github.com/nephio-project/nephio/krm-functions/lib/kptfile/v1/kpt.go:128.3,128.14 1 1
github.com/nephio-project/nephio/krm-functions/lib/kptfile/v1/kpt.go:128.14,130.4 1 1
github.com/nephio-project/nephio/krm-functions/lib/kptfile/v1/kpt.go:135.46,138.80 3 1
github.com/nephio-project/nephio/krm-functions/lib/kptfile/v1/kpt.go:138.80,140.3 1 0
github.com/nephio-project/nephio/krm-functions/lib/kptfile/v1/kpt.go:142.2,142.55 1 1
github.com/nephio-project/nephio/krm-functions/lib/kptfile/v1/kpt.go:142.55,143.19 1 1
github.com/nephio-project/nephio/krm-functions/lib/kptfile/v1/kpt.go:143.19,145.4 1 1
github.com/nephio-project/nephio/krm-functions/lib/kptfile/v1/kpt.go:151.60,154.80 3 1
github.com/nephio-project/nephio/krm-functions/lib/kptfile/v1/kpt.go:154.80,156.3 1 1
github.com/nephio-project/nephio/krm-functions/lib/kptfile/v1/kpt.go:158.2,158.53 1 1
github.com/nephio-project/nephio/krm-functions/lib/kptfile/v1/kpt.go:158.53,159.19 1 1
github.com/nephio-project/nephio/krm-functions/lib/kptfile/v1/kpt.go:159.19,161.4 1 1
github.com/nephio-project/nephio/krm-functions/lib/kptfile/v1/kpt.go:163.2,163.12 1 1
github.com/nephio-project/nephio/krm-functions/lib/kptfile/v1/kpt.go:168.53,171.80 3 1
github.com/nephio-project/nephio/krm-functions/lib/kptfile/v1/kpt.go:171.80,173.3 1 1
github.com/nephio-project/nephio/krm-functions/lib/kptfile/v1/kpt.go:174.2,174.41 1 1
github.com/nephio-project/nephio/krm-functions/lib/kptfile/v1/kpt.go:178.36,182.80 3 1
github.com/nephio-project/nephio/krm-functions/lib/kptfile/v1/kpt.go:182.80,184.3 1 0
github.com/nephio-project/nephio/krm-functions/lib/kptfile/v1/kpt.go:186.2,186.73 1 1
github.com/nephio-project/nephio/krm-functions/lib/kptfile/v1/kpt.go:186.73,188.3 1 1
github.com/nephio-project/nephio/krm-functions/lib/kubeobject/kubeobject.go:30.64,31.16 1 0
github.com/nephio-project/nephio/krm-functions/lib/kubeobject/kubeobject.go:31.16,33.3 1 0
github.com/nephio-project/nephio/krm-functions/lib/kubeobject/kubeobject.go:34.2,36.16 3 0
github.com/nephio-project/nephio/krm-functions/lib/kubeobject/kubeobject.go:43.56,48.2 4 1
github.com/nephio-project/nephio/krm-functions/lib/kubeobject/kubeobject.go:52.78,54.14 2 1
github.com/nephio-project/nephio/krm-functions/lib/kubeobject/kubeobject.go:54.14,56.3 1 0
github.com/nephio-project/nephio/krm-functions/lib/kubeobject/kubeobject.go:57.2,57.36 1 1
github.com/nephio-project/nephio/krm-functions/lib/kubeobject/kubeobject.go:62.64,65.16 3 1
github.com/nephio-project/nephio/krm-functions/lib/kubeobject/kubeobject.go:65.16,67.3 1 0
github.com/nephio-project/nephio/krm-functions/lib/kubeobject/kubeobject.go:68.2,68.33 1 1
github.com/nephio-project/nephio/krm-functions/lib/kubeobject/kubeobject.go:73.65,75.14 2 1
github.com/nephio-project/nephio/krm-functions/lib/kubeobject/kubeobject.go:75.14,77.3 1 0
github.com/nephio-project/nephio/krm-functions/lib/kubeobject/kubeobject.go:78.2,79.16 2 1
github.com/nephio-project/nephio/krm-functions/lib/kubeobject/kubeobject.go:79.16,81.3 1 0
github.com/nephio-project/nephio/krm-functions/lib/kubeobject/kubeobject.go:82.2,82.33 1 1
github.com/nephio-project/nephio/krm-functions/lib/kubeobject/kubeobject.go:87.70,89.2 1 0
github.com/nephio-project/nephio/krm-functions/lib/kubeobject/kubeobject.go:93.74,95.2 1 0
github.com/nephio-project/nephio/krm-functions/lib/kubeobject/kubeobject.go:99.65,101.2 1 1
github.com/nephio-project/nephio/krm-functions/lib/kubeobject/kubeobject.go:105.54,107.2 1 1
github.com/nephio-project/nephio/krm-functions/lib/kubeobject/kubeobject.go:111.56,113.2 1 1
github.com/nephio-project/nephio/krm-functions/lib/kubeobject/kubeobject.go:115.101,117.2 1 0
github.com/nephio-project/nephio/krm-functions/lib/kubeobject/kubeobject.go:125.98,127.22 2 1
github.com/nephio-project/nephio/krm-functions/lib/kubeobject/kubeobject.go:127.22,129.17 2 1
github.com/nephio-project/nephio/krm-functions/lib/kubeobject/kubeobject.go:129.17,131.4 1 0
github.com/nephio-project/nephio/krm-functions/lib/kubeobject/kubeobject.go:132.3,132.15 1 1
github.com/nephio-project/nephio/krm-functions/lib/kubeobject/kubeobject.go:133.8,135.17 2 1
github.com/nephio-project/nephio/krm-functions/lib/kubeobject/kubeobject.go:135.17,137.4 1 0
github.com/nephio-project/nephio/krm-functions/lib/kubeobject/kubeobject.go:139.2,143.36 3 1
github.com/nephio-project/nephio/krm-functions/lib/kubeobject/kubeobject.go:148.86,150.32 2 1
github.com/nephio-project/nephio/krm-functions/lib/kubeobject/kubeobject.go:150.32,151.107 1 0
github.com/nephio-project/nephio/krm-functions/lib/kubeobject/kubeobject.go:153.2,154.22 2 1
github.com/nephio-project/nephio/krm-functions/lib/kubeobject/kubeobject.go:154.22,155.84 1 1
github.com/nephio-project/nephio/krm-functions/lib/kubeobject/kubeobject.go:157.2,157.26 1 1
github.com/nephio-project/nephio/krm-functions/lib/kubeobject/kubeobject.go:160.36,163.32 3 1
github.com/nephio-project/nephio/krm-functions/lib/kubeobject/kubeobject.go:163.32,164.58 1 1
github.com/nephio-project/nephio/krm-functions/lib/kubeobject/kubeobject.go:169.47,173.2 3 1
github.com/nephio-project/nephio/krm-functions/lib/kubeobject/kubeobject.go:176.46,177.26 1 1
github.com/nephio-project/nephio/krm-functions/lib/kubeobject/kubeobject.go:177.26,179.3 1 0
github.com/nephio-project/nephio/krm-functions/lib/kubeobject/kubeobject.go:181.2,181.18 1 1
github.com/nephio-project/nephio/krm-functions/lib/kubeobject/kubeobject.go:182.24,183.30 1 1
github.com/nephio-project/nephio/krm-functions/lib/kubeobject/kubeobject.go:184.25,185.31 1 1
github.com/nephio-project/nephio/krm-functions/lib/kubeobject/kubeobject.go:186.25,187.53 1 0
github.com/nephio-project/nephio/krm-functions/lib/kubeobject/kubeobject.go:187.53,190.4 2 0
github.com/nephio-project/nephio/krm-functions/lib/kubeobject/kubeobject.go:190.9,193.4 1 0
github.com/nephio-project/nephio/krm-functions/lib/kubeobject/kubeobject.go:194.10,195.32 1 1
github.com/nephio-project/nephio/krm-functions/lib/kubeobject/kubeobject.go:200.45,201.60 1 1
github.com/nephio-project/nephio/krm-functions/lib/kubeobject/kubeobject.go:201.60,202.64 1 0
github.com/nephio-project/nephio/krm-functions/lib/kubeobject/kubeobject.go:206.2,210.43 3 1
github.com/nephio-project/nephio/krm-functions/lib/kubeobject/kubeobject.go:210.43,212.10 2 1
github.com/nephio-project/nephio/krm-functions/lib/kubeobject/kubeobject.go:212.10,213.12 1 0
github.com/nephio-project/nephio/krm-functions/lib/kubeobject/kubeobject.go:215.3,216.13 2 1
github.com/nephio-project/nephio/krm-functions/lib/kubeobject/kubeobject.go:216.13,217.12 1 1
github.com/nephio-project/nephio/krm-functions/lib/kubeobject/kubeobject.go:221.3,221.13 1 1
github.com/nephio-project/nephio/krm-functions/lib/kubeobject/kubeobject.go:221.13,224.4 2 1
github.com/nephio-project/nephio/krm-functions/lib/kubeobject/kubeobject.go:226.3,228.46 3 1
github.com/nephio-project/nephio/krm-functions/lib/kubeobject/kubeobject.go:233.46,238.38 2 1
github.com/nephio-project/nephio/krm-functions/lib/kubeobject/kubeobject.go:238.38,240.13 2 1
github.com/nephio-project/nephio/krm-functions/lib/kubeobject/kubeobject.go:240.13,241.12 1 1
github.com/nephio-project/nephio/krm-functions/lib/kubeobject/kubeobject.go:247.3,247.46 1 1
github.com/nephio-project/nephio/krm-functions/lib/kubeobject/kubeobject.go:251.47,252.77 1 1
github.com/nephio-project/nephio/krm-functions/lib/kubeobject/kubeobject.go:252.77,254.3 1 1
github.com/nephio-project/nephio/krm-functions/lib/kubeobject/kubeobject.go:255.2,255.18 1 0
github.com/nephio-project/nephio/krm-functions/lib/kubeobject/kubeobject.go:260.64,261.43 1 1
github.com/nephio-project/nephio/krm-functions/lib/kubeobject/kubeobject.go:261.43,264.21 3 1
github.com/nephio-project/nephio/krm-functions/lib/kubeobject/kubeobject.go:264.21,266.4 1 1
github.com/nephio-project/nephio/krm-functions/lib/kubeobject/kubeobject.go:268.2,268.17 1 1
github.com/nephio-project/nephio/krm-functions/lib/kubeobject/kubeobject.go:274.94,275.34 1 1
github.com/nephio-project/nephio/krm-functions/lib/kubeobject/kubeobject.go:275.34,276.45 1 1
github.com/nephio-project/nephio/krm-functions/lib/kubeobject/kubeobject.go:276.45,278.4 1 1
github.com/nephio-project/nephio/krm-functions/lib/kubeobject/kubeobject.go:280.2,280.17 1 1
github.com/nephio-project/nephio/krm-functions/lib/kubeobject/kubeobject.go:285.53,286.26 1 1
github.com/nephio-project/nephio/krm-functions/lib/kubeobject/kubeobject.go:286.26,288.3 1 0
github.com/nephio-project/nephio/krm-functions/lib/kubeobject/kubeobject.go:289.2,289.18 1 1
github.com/nephio-project/nephio/krm-functions/lib/kubeobject/kubeobject.go:290.23,291.32 1 1
github.com/nephio-project/nephio/krm-functions/lib/kubeobject/kubeobject.go:292.24,293.61 1 1
github.com/nephio-project/nephio/krm-functions/lib/kubeobject/kubeobject.go:293.61,294.55 1 0
github.com/nephio-project/nephio/krm-functions/lib/kubeobject/kubeobject.go:298.3,298.44 1 1
github.com/nephio-project/nephio/krm-functions/lib/kubeobject/kubeobject.go:298.44,300.11 2 1
github.com/nephio-project/nephio/krm-functions/lib/kubeobject/kubeobject.go:300.11,302.5 1 0
github.com/nephio-project/nephio/krm-functions/lib/kubeobject/kubeobject.go:303.4,304.14 2 1
github.com/nephio-project/nephio/krm-functions/lib/kubeobject/kubeobject.go:304.14,306.5 1 0
github.com/nephio-project/nephio/krm-functions/lib/kubeobject/kubeobject.go:307.4,307.65 1 1
github.com/nephio-project/nephio/krm-functions/lib/kubeobject/kubeobject.go:307.65,309.5 1 1
github.com/nephio-project/nephio/krm-functions/lib/kubeobject/kubeobject.go:311.3,311.14 1 1
github.com/nephio-project/nephio/krm-functions/lib/kubeobject/kubeobject.go:312.25,317.14 1 1
github.com/nephio-project/nephio/krm-functions/lib/kubeobject/kubeobject.go:318.41,320.14 1 0
github.com/nephio-project/nephio/krm-functions/lib/kubeobject/kubeobject.go:322.2,322.63 1 0
github.com/nephio-project/nephio/krm-functions/lib/kubeobject/kubeobject.go:326.47,331.16 4 1
github.com/nephio-project/nephio/krm-functions/lib/kubeobject/kubeobject.go:331.16,332.86 1 0
github.com/nephio-project/nephio/krm-functions/lib/kubeobject/kubeobject.go:334.2,334.36 1 1
github.com/nephio-project/nephio/krm-functions/lib/kubeobject/kubeobject.go:334.36,335.29 1 1
github.com/nephio-project/nephio/krm-functions/lib/kubeobject/kubeobject.go:335.29,336.132 1 0
github.com/nephio-project/nephio/krm-functions/lib/kubeobject/kubeobject.go:338.3,338.25 1 1
github.com/nephio-project/nephio/krm-functions/lib/kubeobject/kubeobject.go:340.2,340.13 1 1
github.com/nephio-project/nephio/krm-functions/lib/kubeobject/kubeobject.go:344.66,346.16 2 1
github.com/nephio-project/nephio/krm-functions/lib/kubeobject/kubeobject.go:346.16,348.3 1 0
github.com/nephio-project/nephio/krm-functions/lib/kubeobject/kubeobject.go:349.2,350.16 2 1
github.com/nephio-project/nephio/krm-functions/lib/kubeobject/kubeobject.go:350.16,352.3 1 0
github.com/nephio-project/nephio/krm-functions/lib/kubeobject/kubeobject.go:353.2,354.12 2 1
github.com/nephio-project/nephio/krm-functions/lib/kubeobject/kubeobject.go:358.50,362.45 4 1
github.com/nephio-project/nephio/krm-functions/lib/kubeobject/kubeobject.go:362.45,363.20 1 0
github.com/nephio-project/nephio/krm-functions/lib/kubeobject/kubeobject.go:363.20,365.4 1 0
github.com/nephio-project/nephio/krm-functions/lib/kubeobject/kubeobject.go:367.2,367.18 1 1
github.com/nephio-project/nephio/krm-functions/lib/kubeobject/kubeobject.go:371.46,374.36 3 1
github.com/nephio-project/nephio/krm-functions/lib/kubeobject/kubeobject.go:374.36,375.29 1 0
github.com/nephio-project/nephio/krm-functions/lib/kubeobject/kubeobject.go:375.29,378.4 1 0
github.com/nephio-project/nephio/krm-functions/lib/kubeobject/kubeobject.go:380.2,380.45 1 1
github.com/nephio-project/nephio/krm-functions/lib/kubeobject/kubeobject.go:380.45,382.3 1 0
github.com/nephio-project/nephio/krm-functions/lib/kubeobject/kubeobject.go:383.2,383.23 1 1
github.com/nephio-project/nephio/krm-functions/lib/kubeobject/lists.go:44.79,47.34 3 1
github.com/nephio-project/nephio/krm-functions/lib/kubeobject/lists.go:47.34,48.13 1 0
github.com/nephio-project/nephio/krm-functions/lib/kubeobject/lists.go:50.2,50.16 1 1
github.com/nephio-project/nephio/krm-functions/lib/kubeobject/lists.go:59.103,62.25 3 1
github.com/nephio-project/nephio/krm-functions/lib/kubeobject/lists.go:62.25,63.53 1 1
github.com/nephio-project/nephio/krm-functions/lib/kubeobject/lists.go:63.53,66.18 3 1
github.com/nephio-project/nephio/krm-functions/lib/kubeobject/lists.go:66.18,68.5 1 0
github.com/nephio-project/nephio/krm-functions/lib/kubeobject/lists.go:69.4,69.31 1 1
github.com/nephio-project/nephio/krm-functions/lib/kubeobject/lists.go:70.9,72.4 1 1
github.com/nephio-project/nephio/krm-functions/lib/kubeobject/lists.go:74.2,74.26 1 1
github.com/nephio-project/nephio/krm-functions/lib/kubeobject/lists.go:80.85,82.16 2 1
github.com/nephio-project/nephio/krm-functions/lib/kubeobject/lists.go:82.16,84.3 1 0
github.com/nephio-project/nephio/krm-functions/lib/kubeobject/lists.go:85.2,85.25 1 1
github.com/nephio-project/nephio/krm-functions/lib/kubeobject/lists.go:85.25,88.3 2 1
github.com/nephio-project/nephio/krm-functions/lib/kubeobject/lists.go:89.2,89.26 1 1
github.com/nephio-project/nephio/krm-functions/lib/vlanalloc/v1alpha1/vlanalloc.go:31.67,33.16 2 0
github.com/nephio-project/nephio/krm-functions/lib/vlanalloc/v1alpha1/vlanalloc.go:33.16,35.3 1 0
github.com/nephio-project/nephio/krm-functions/lib/vlanalloc/v1alpha1/vlanalloc.go:36.2,36.33 1 0
github.com/nephio-project/nephio/krm-functions/lib/vlanalloc/v1alpha1/vlanalloc.go:41.53,43.16 2 1
github.com/nephio-project/nephio/krm-functions/lib/vlanalloc/v1alpha1/vlanalloc.go:43.16,45.3 1 1
github.com/nephio-project/nephio/krm-functions/lib/vlanalloc/v1alpha1/vlanalloc.go:46.2,46.33 1 1
github.com/nephio-project/nephio/krm-functions/lib/vlanalloc/v1alpha1/vlanalloc.go:51.79,53.16 2 1
github.com/nephio-project/nephio/krm-functions/lib/vlanalloc/v1alpha1/vlanalloc.go:53.16,55.3 1 1
github.com/nephio-project/nephio/krm-functions/lib/vlanalloc/v1alpha1/vlanalloc.go:56.2,56.33 1 1
github.com/nephio-project/nephio/krm-functions/lib/vlanalloc/v1alpha1/vlanalloc.go:59.78,61.2 1 1
github.com/nephio-project/nephio/krm-functions/lib/vlanalloc/v1alpha1/vlanalloc.go:63.82,65.2 1 1
github.com/nephio-project/nephio/krm-functions/lib/nad/v1/nad.go:85.62,87.16 2 1
github.com/nephio-project/nephio/krm-functions/lib/nad/v1/nad.go:87.16,89.3 1 0
github.com/nephio-project/nephio/krm-functions/lib/nad/v1/nad.go:90.2,90.31 1 1
github.com/nephio-project/nephio/krm-functions/lib/nad/v1/nad.go:95.48,97.16 2 1
github.com/nephio-project/nephio/krm-functions/lib/nad/v1/nad.go:97.16,99.3 1 1
github.com/nephio-project/nephio/krm-functions/lib/nad/v1/nad.go:100.2,100.31 1 1
github.com/nephio-project/nephio/krm-functions/lib/nad/v1/nad.go:105.80,107.16 2 1
github.com/nephio-project/nephio/krm-functions/lib/nad/v1/nad.go:107.16,109.3 1 1
github.com/nephio-project/nephio/krm-functions/lib/nad/v1/nad.go:110.2,110.31 1 1
github.com/nephio-project/nephio/krm-functions/lib/nad/v1/nad.go:113.55,116.22 3 1
github.com/nephio-project/nephio/krm-functions/lib/nad/v1/nad.go:116.22,118.3 1 1
github.com/nephio-project/nephio/krm-functions/lib/nad/v1/nad.go:119.2,119.77 1 1
github.com/nephio-project/nephio/krm-functions/lib/nad/v1/nad.go:119.77,121.3 1 0
github.com/nephio-project/nephio/krm-functions/lib/nad/v1/nad.go:122.2,123.51 2 1
github.com/nephio-project/nephio/krm-functions/lib/nad/v1/nad.go:124.21,125.30 1 0
github.com/nephio-project/nephio/krm-functions/lib/nad/v1/nad.go:126.18,127.74 1 1
github.com/nephio-project/nephio/krm-functions/lib/nad/v1/nad.go:127.74,142.4 1 1
github.com/nephio-project/nephio/krm-functions/lib/nad/v1/nad.go:143.3,143.30 1 1
github.com/nephio-project/nephio/krm-functions/lib/nad/v1/nad.go:144.19,145.74 1 1
github.com/nephio-project/nephio/krm-functions/lib/nad/v1/nad.go:145.74,164.4 1 1
github.com/nephio-project/nephio/krm-functions/lib/nad/v1/nad.go:165.3,165.30 1 1
github.com/nephio-project/nephio/krm-functions/lib/nad/v1/nad.go:166.17,167.74 1 1
github.com/nephio-project/nephio/krm-functions/lib/nad/v1/nad.go:167.74,182.4 1 1
github.com/nephio-project/nephio/krm-functions/lib/nad/v1/nad.go:183.3,183.30 1 1
github.com/nephio-project/nephio/krm-functions/lib/nad/v1/nad.go:184.17,185.74 1 1
github.com/nephio-project/nephio/krm-functions/lib/nad/v1/nad.go:185.74,200.4 1 1
github.com/nephio-project/nephio/krm-functions/lib/nad/v1/nad.go:201.3,201.30 1 1
github.com/nephio-project/nephio/krm-functions/lib/nad/v1/nad.go:203.2,203.29 1 0
github.com/nephio-project/nephio/krm-functions/lib/nad/v1/nad.go:206.58,208.16 2 1
github.com/nephio-project/nephio/krm-functions/lib/nad/v1/nad.go:208.16,210.3 1 0
github.com/nephio-project/nephio/krm-functions/lib/nad/v1/nad.go:211.2,211.54 1 1
github.com/nephio-project/nephio/krm-functions/lib/nad/v1/nad.go:214.61,216.16 2 1
github.com/nephio-project/nephio/krm-functions/lib/nad/v1/nad.go:216.16,218.3 1 0
github.com/nephio-project/nephio/krm-functions/lib/nad/v1/nad.go:219.2,219.9 1 1
github.com/nephio-project/nephio/krm-functions/lib/nad/v1/nad.go:219.9,221.3 1 1
github.com/nephio-project/nephio/krm-functions/lib/nad/v1/nad.go:222.2,222.10 1 1
github.com/nephio-project/nephio/krm-functions/lib/nad/v1/nad.go:225.44,227.2 1 1
github.com/nephio-project/nephio/krm-functions/lib/nad/v1/nad.go:229.50,231.16 2 1
github.com/nephio-project/nephio/krm-functions/lib/nad/v1/nad.go:231.16,233.3 1 0
github.com/nephio-project/nephio/krm-functions/lib/nad/v1/nad.go:234.2,234.51 1 1
github.com/nephio-project/nephio/krm-functions/lib/nad/v1/nad.go:234.51,235.32 1 1
github.com/nephio-project/nephio/krm-functions/lib/nad/v1/nad.go:235.32,236.12 1 0
github.com/nephio-project/nephio/krm-functions/lib/nad/v1/nad.go:237.9,239.4 1 1
github.com/nephio-project/nephio/krm-functions/lib/nad/v1/nad.go:241.2,241.16 1 0
github.com/nephio-project/nephio/krm-functions/lib/nad/v1/nad.go:244.44,246.16 2 1
github.com/nephio-project/nephio/krm-functions/lib/nad/v1/nad.go:246.16,248.3 1 0
github.com/nephio-project/nephio/krm-functions/lib/nad/v1/nad.go:249.2,249.36 1 1
github.com/nephio-project/nephio/krm-functions/lib/nad/v1/nad.go:252.52,254.16 2 1
github.com/nephio-project/nephio/krm-functions/lib/nad/v1/nad.go:254.16,256.3 1 0
github.com/nephio-project/nephio/krm-functions/lib/nad/v1/nad.go:257.2,257.51 1 1
github.com/nephio-project/nephio/krm-functions/lib/nad/v1/nad.go:257.51,258.32 1 1
github.com/nephio-project/nephio/krm-functions/lib/nad/v1/nad.go:258.32,259.12 1 0
github.com/nephio-project/nephio/krm-functions/lib/nad/v1/nad.go:260.9,262.4 1 1
github.com/nephio-project/nephio/krm-functions/lib/nad/v1/nad.go:264.2,264.16 1 0
github.com/nephio-project/nephio/krm-functions/lib/nad/v1/nad.go:267.59,269.16 2 1
github.com/nephio-project/nephio/krm-functions/lib/nad/v1/nad.go:269.16,271.3 1 0
github.com/nephio-project/nephio/krm-functions/lib/nad/v1/nad.go:272.2,272.51 1 1
github.com/nephio-project/nephio/krm-functions/lib/nad/v1/nad.go:272.51,273.32 1 1
github.com/nephio-project/nephio/krm-functions/lib/nad/v1/nad.go:273.32,274.12 1 0
github.com/nephio-project/nephio/krm-functions/lib/nad/v1/nad.go:275.9,277.4 1 1
github.com/nephio-project/nephio/krm-functions/lib/nad/v1/nad.go:279.2,279.27 1 0
github.com/nephio-project/nephio/krm-functions/lib/nad/v1/nad.go:283.86,285.2 1 1
github.com/nephio-project/nephio/krm-functions/lib/nad/v1/nad.go:287.54,288.45 1 1
github.com/nephio-project/nephio/krm-functions/lib/nad/v1/nad.go:289.10,290.39 1 1
github.com/nephio-project/nephio/krm-functions/lib/nad/v1/nad.go:291.16,292.29 1 1
github.com/nephio-project/nephio/krm-functions/lib/nad/v1/nad.go:293.17,294.30 1 1
github.com/nephio-project/nephio/krm-functions/lib/nad/v1/nad.go:295.15,296.28 1 1
github.com/nephio-project/nephio/krm-functions/lib/nad/v1/nad.go:298.2,299.16 2 1
github.com/nephio-project/nephio/krm-functions/lib/nad/v1/nad.go:299.16,301.3 1 0
github.com/nephio-project/nephio/krm-functions/lib/nad/v1/nad.go:302.2,302.49 1 1
github.com/nephio-project/nephio/krm-functions/lib/nad/v1/nad.go:302.49,303.32 1 1
github.com/nephio-project/nephio/krm-functions/lib/nad/v1/nad.go:303.32,304.12 1 1
github.com/nephio-project/nephio/krm-functions/lib/nad/v1/nad.go:305.9,307.4 1 1
github.com/nephio-project/nephio/krm-functions/lib/nad/v1/nad.go:309.2,309.40 1 1
github.com/nephio-project/nephio/krm-functions/lib/nad/v1/nad.go:312.49,313.19 1 1
github.com/nephio-project/nephio/krm-functions/lib/nad/v1/nad.go:313.19,315.3 1 1
github.com/nephio-project/nephio/krm-functions/lib/nad/v1/nad.go:315.8,317.17 2 1
github.com/nephio-project/nephio/krm-functions/lib/nad/v1/nad.go:317.17,319.4 1 0
github.com/nephio-project/nephio/krm-functions/lib/nad/v1/nad.go:320.3,321.41 2 1
github.com/nephio-project/nephio/krm-functions/lib/nad/v1/nad.go:325.58,326.21 1 1
github.com/nephio-project/nephio/krm-functions/lib/nad/v1/nad.go:326.21,328.3 1 1
github.com/nephio-project/nephio/krm-functions/lib/nad/v1/nad.go:328.8,330.17 2 1
github.com/nephio-project/nephio/krm-functions/lib/nad/v1/nad.go:330.17,332.4 1 0
github.com/nephio-project/nephio/krm-functions/lib/nad/v1/nad.go:333.3,333.50 1 1
github.com/nephio-project/nephio/krm-functions/lib/nad/v1/nad.go:333.50,334.33 1 1
github.com/nephio-project/nephio/krm-functions/lib/nad/v1/nad.go:334.33,335.13 1 0
github.com/nephio-project/nephio/krm-functions/lib/nad/v1/nad.go:336.10,338.5 1 1
github.com/nephio-project/nephio/krm-functions/lib/nad/v1/nad.go:340.3,340.41 1 1
github.com/nephio-project/nephio/krm-functions/lib/nad/v1/nad.go:344.60,345.17 1 1
github.com/nephio-project/nephio/krm-functions/lib/nad/v1/nad.go:345.17,347.3 1 1
github.com/nephio-project/nephio/krm-functions/lib/nad/v1/nad.go:347.8,349.17 2 1
github.com/nephio-project/nephio/krm-functions/lib/nad/v1/nad.go:349.17,351.4 1 0
github.com/nephio-project/nephio/krm-functions/lib/nad/v1/nad.go:352.3,352.50 1 1
github.com/nephio-project/nephio/krm-functions/lib/nad/v1/nad.go:352.50,353.33 1 1
github.com/nephio-project/nephio/krm-functions/lib/nad/v1/nad.go:353.33,354.13 1 0
github.com/nephio-project/nephio/krm-functions/lib/nad/v1/nad.go:355.10,357.5 1 1
github.com/nephio-project/nephio/krm-functions/lib/nad/v1/nad.go:359.3,359.41 1 1
github.com/nephio-project/nephio/krm-functions/lib/nad/v1/nad.go:363.46,365.16 2 1
github.com/nephio-project/nephio/krm-functions/lib/nad/v1/nad.go:365.16,367.3 1 0
github.com/nephio-project/nephio/krm-functions/lib/nad/v1/nad.go:368.2,368.23 1 1
