mode: set
github.com/nephio-project/nephio/krm-functions/vlan-fn/fn/function.go:35.54,47.16 2 1
github.com/nephio-project/nephio/krm-functions/vlan-fn/fn/function.go:47.16,50.3 2 0
github.com/nephio-project/nephio/krm-functions/vlan-fn/fn/function.go:51.2,51.18 1 1
github.com/nephio-project/nephio/krm-functions/vlan-fn/fn/function.go:56.112,57.19 1 1
github.com/nephio-project/nephio/krm-functions/vlan-fn/fn/function.go:57.19,59.3 1 0
github.com/nephio-project/nephio/krm-functions/vlan-fn/fn/function.go:60.2,62.16 3 1
github.com/nephio-project/nephio/krm-functions/vlan-fn/fn/function.go:62.16,64.3 1 0
github.com/nephio-project/nephio/krm-functions/vlan-fn/fn/function.go:65.2,66.16 2 1
github.com/nephio-project/nephio/krm-functions/vlan-fn/fn/function.go:66.16,68.3 1 0
github.com/nephio-project/nephio/krm-functions/vlan-fn/fn/function.go:69.2,70.16 2 1
github.com/nephio-project/nephio/krm-functions/vlan-fn/fn/function.go:70.16,72.3 1 0
github.com/nephio-project/nephio/krm-functions/vlan-fn/fn/function.go:73.2,75.32 2 1
github.com/nephio-project/nephio/krm-functions/vlan-fn/fn/function.go:75.32,77.3 1 1
github.com/nephio-project/nephio/krm-functions/vlan-fn/fn/function.go:79.2,80.34 2 1
