mode: set
github.com/nephio-project/nephio/krm-functions/dnn-fn/fn/function.go:36.13,40.2 3 1
github.com/nephio-project/nephio/krm-functions/dnn-fn/fn/function.go:49.45,76.16 4 1
github.com/nephio-project/nephio/krm-functions/dnn-fn/fn/function.go:76.16,79.3 2 0
github.com/nephio-project/nephio/krm-functions/dnn-fn/fn/function.go:80.2,80.23 1 1
github.com/nephio-project/nephio/krm-functions/dnn-fn/fn/function.go:85.67,88.30 2 1
github.com/nephio-project/nephio/krm-functions/dnn-fn/fn/function.go:88.30,90.3 1 1
github.com/nephio-project/nephio/krm-functions/dnn-fn/fn/function.go:91.2,92.16 2 1
github.com/nephio-project/nephio/krm-functions/dnn-fn/fn/function.go:92.16,94.3 1 0
github.com/nephio-project/nephio/krm-functions/dnn-fn/fn/function.go:97.2,97.42 1 1
github.com/nephio-project/nephio/krm-functions/dnn-fn/fn/function.go:101.84,102.30 1 1
github.com/nephio-project/nephio/krm-functions/dnn-fn/fn/function.go:102.30,105.3 1 1
github.com/nephio-project/nephio/krm-functions/dnn-fn/fn/function.go:108.2,109.16 2 1
github.com/nephio-project/nephio/krm-functions/dnn-fn/fn/function.go:109.16,111.3 1 0
github.com/nephio-project/nephio/krm-functions/dnn-fn/fn/function.go:114.2,115.38 2 1
github.com/nephio-project/nephio/krm-functions/dnn-fn/fn/function.go:115.38,136.17 3 1
github.com/nephio-project/nephio/krm-functions/dnn-fn/fn/function.go:136.17,138.4 1 0
github.com/nephio-project/nephio/krm-functions/dnn-fn/fn/function.go:139.3,139.44 1 1
github.com/nephio-project/nephio/krm-functions/dnn-fn/fn/function.go:141.2,141.23 1 1
github.com/nephio-project/nephio/krm-functions/dnn-fn/fn/function.go:145.105,147.16 2 1
github.com/nephio-project/nephio/krm-functions/dnn-fn/fn/function.go:147.16,149.3 1 0
github.com/nephio-project/nephio/krm-functions/dnn-fn/fn/function.go:150.2,151.16 2 1
github.com/nephio-project/nephio/krm-functions/dnn-fn/fn/function.go:151.16,153.3 1 0
github.com/nephio-project/nephio/krm-functions/dnn-fn/fn/function.go:156.2,158.16 3 1
github.com/nephio-project/nephio/krm-functions/dnn-fn/fn/function.go:158.16,160.3 1 0
github.com/nephio-project/nephio/krm-functions/dnn-fn/fn/function.go:161.2,161.35 1 1
github.com/nephio-project/nephio/krm-functions/dnn-fn/fn/function.go:161.35,162.55 1 1
github.com/nephio-project/nephio/krm-functions/dnn-fn/fn/function.go:162.55,164.13 2 1
github.com/nephio-project/nephio/krm-functions/dnn-fn/fn/function.go:164.13,170.5 2 1
github.com/nephio-project/nephio/krm-functions/dnn-fn/fn/function.go:170.10,172.5 1 0
github.com/nephio-project/nephio/krm-functions/dnn-fn/fn/function.go:176.2,177.32 2 1
