mode: set
github.com/nephio-project/nephio/krm-functions/interface-fn/fn/function.go:45.45,79.16 4 1
github.com/nephio-project/nephio/krm-functions/interface-fn/fn/function.go:79.16,82.3 2 0
github.com/nephio-project/nephio/krm-functions/interface-fn/fn/function.go:83.2,83.23 1 1
github.com/nephio-project/nephio/krm-functions/interface-fn/fn/function.go:88.69,91.30 2 1
github.com/nephio-project/nephio/krm-functions/interface-fn/fn/function.go:91.30,93.3 1 0
github.com/nephio-project/nephio/krm-functions/interface-fn/fn/function.go:94.2,95.16 2 1
github.com/nephio-project/nephio/krm-functions/interface-fn/fn/function.go:95.16,97.3 1 0
github.com/nephio-project/nephio/krm-functions/interface-fn/fn/function.go:100.2,100.42 1 1
github.com/nephio-project/nephio/krm-functions/interface-fn/fn/function.go:105.86,106.30 1 1
github.com/nephio-project/nephio/krm-functions/interface-fn/fn/function.go:106.30,109.3 1 0
github.com/nephio-project/nephio/krm-functions/interface-fn/fn/function.go:112.2,115.16 3 1
github.com/nephio-project/nephio/krm-functions/interface-fn/fn/function.go:115.16,117.3 1 0
github.com/nephio-project/nephio/krm-functions/interface-fn/fn/function.go:119.2,120.16 2 1
github.com/nephio-project/nephio/krm-functions/interface-fn/fn/function.go:120.16,122.3 1 0
github.com/nephio-project/nephio/krm-functions/interface-fn/fn/function.go:127.2,127.58 1 1
github.com/nephio-project/nephio/krm-functions/interface-fn/fn/function.go:127.58,129.3 1 1
github.com/nephio-project/nephio/krm-functions/interface-fn/fn/function.go:132.2,136.30 2 1
github.com/nephio-project/nephio/krm-functions/interface-fn/fn/function.go:136.30,137.46 1 1
github.com/nephio-project/nephio/krm-functions/interface-fn/fn/function.go:137.46,139.4 1 1
github.com/nephio-project/nephio/krm-functions/interface-fn/fn/function.go:141.3,142.17 2 1
github.com/nephio-project/nephio/krm-functions/interface-fn/fn/function.go:142.17,144.4 1 0
github.com/nephio-project/nephio/krm-functions/interface-fn/fn/function.go:145.3,147.72 2 1
github.com/nephio-project/nephio/krm-functions/interface-fn/fn/function.go:147.72,150.18 2 1
github.com/nephio-project/nephio/krm-functions/interface-fn/fn/function.go:150.18,152.5 1 0
github.com/nephio-project/nephio/krm-functions/interface-fn/fn/function.go:153.4,153.36 1 1
github.com/nephio-project/nephio/krm-functions/interface-fn/fn/function.go:157.3,158.17 2 1
github.com/nephio-project/nephio/krm-functions/interface-fn/fn/function.go:158.17,160.4 1 0
github.com/nephio-project/nephio/krm-functions/interface-fn/fn/function.go:161.3,161.35 1 1
github.com/nephio-project/nephio/krm-functions/interface-fn/fn/function.go:162.8,165.17 2 1
github.com/nephio-project/nephio/krm-functions/interface-fn/fn/function.go:165.17,167.4 1 0
github.com/nephio-project/nephio/krm-functions/interface-fn/fn/function.go:168.3,168.35 1 1
github.com/nephio-project/nephio/krm-functions/interface-fn/fn/function.go:170.2,170.23 1 1
github.com/nephio-project/nephio/krm-functions/interface-fn/fn/function.go:173.107,174.19 1 1
github.com/nephio-project/nephio/krm-functions/interface-fn/fn/function.go:174.19,176.3 1 0
github.com/nephio-project/nephio/krm-functions/interface-fn/fn/function.go:177.2,178.16 2 1
github.com/nephio-project/nephio/krm-functions/interface-fn/fn/function.go:178.16,180.3 1 0
github.com/nephio-project/nephio/krm-functions/interface-fn/fn/function.go:181.2,182.16 2 1
github.com/nephio-project/nephio/krm-functions/interface-fn/fn/function.go:182.16,184.3 1 0
github.com/nephio-project/nephio/krm-functions/interface-fn/fn/function.go:186.2,187.35 2 1
github.com/nephio-project/nephio/krm-functions/interface-fn/fn/function.go:187.35,188.44 1 0
github.com/nephio-project/nephio/krm-functions/interface-fn/fn/function.go:188.44,190.18 2 0
github.com/nephio-project/nephio/krm-functions/interface-fn/fn/function.go:190.18,192.5 1 0
github.com/nephio-project/nephio/krm-functions/interface-fn/fn/function.go:193.4,194.18 2 0
github.com/nephio-project/nephio/krm-functions/interface-fn/fn/function.go:194.18,196.5 1 0
github.com/nephio-project/nephio/krm-functions/interface-fn/fn/function.go:197.4,197.59 1 0
github.com/nephio-project/nephio/krm-functions/interface-fn/fn/function.go:200.2,201.39 2 1
github.com/nephio-project/nephio/krm-functions/interface-fn/fn/function.go:201.39,202.46 1 0
github.com/nephio-project/nephio/krm-functions/interface-fn/fn/function.go:202.46,204.18 2 0
github.com/nephio-project/nephio/krm-functions/interface-fn/fn/function.go:204.18,206.5 1 0
github.com/nephio-project/nephio/krm-functions/interface-fn/fn/function.go:207.4,208.18 2 0
github.com/nephio-project/nephio/krm-functions/interface-fn/fn/function.go:208.18,210.5 1 0
github.com/nephio-project/nephio/krm-functions/interface-fn/fn/function.go:211.4,211.61 1 0
github.com/nephio-project/nephio/krm-functions/interface-fn/fn/function.go:215.2,216.34 2 1
github.com/nephio-project/nephio/krm-functions/interface-fn/fn/function.go:219.85,231.2 2 1
github.com/nephio-project/nephio/krm-functions/interface-fn/fn/function.go:233.140,250.2 2 1
github.com/nephio-project/nephio/krm-functions/interface-fn/fn/function.go:252.74,258.2 2 1
github.com/nephio-project/nephio/krm-functions/interface-fn/fn/function.go:260.142,269.2 1 1
github.com/nephio-project/nephio/krm-functions/interface-fn/fn/function.go:271.81,272.50 1 1
github.com/nephio-project/nephio/krm-functions/interface-fn/fn/function.go:272.50,273.53 1 1
github.com/nephio-project/nephio/krm-functions/interface-fn/fn/function.go:273.53,275.4 1 1
github.com/nephio-project/nephio/krm-functions/interface-fn/fn/function.go:277.2,277.14 1 1
