mode: set
github.com/nephio-project/nephio/krm-functions/nad-fn/fn/function.go:45.45,77.16 4 1
github.com/nephio-project/nephio/krm-functions/nad-fn/fn/function.go:77.16,80.3 2 0
github.com/nephio-project/nephio/krm-functions/nad-fn/fn/function.go:81.2,81.23 1 1
github.com/nephio-project/nephio/krm-functions/nad-fn/fn/function.go:86.67,89.30 2 1
github.com/nephio-project/nephio/krm-functions/nad-fn/fn/function.go:89.30,91.3 1 0
github.com/nephio-project/nephio/krm-functions/nad-fn/fn/function.go:92.2,93.16 2 1
github.com/nephio-project/nephio/krm-functions/nad-fn/fn/function.go:93.16,95.3 1 0
github.com/nephio-project/nephio/krm-functions/nad-fn/fn/function.go:98.2,98.42 1 1
github.com/nephio-project/nephio/krm-functions/nad-fn/fn/function.go:101.102,102.30 1 1
github.com/nephio-project/nephio/krm-functions/nad-fn/fn/function.go:102.30,105.3 1 1
github.com/nephio-project/nephio/krm-functions/nad-fn/fn/function.go:106.2,111.30 4 1
github.com/nephio-project/nephio/krm-functions/nad-fn/fn/function.go:111.30,113.3 1 1
github.com/nephio-project/nephio/krm-functions/nad-fn/fn/function.go:114.2,114.66 1 1
github.com/nephio-project/nephio/krm-functions/nad-fn/fn/function.go:114.66,116.3 1 1
github.com/nephio-project/nephio/krm-functions/nad-fn/fn/function.go:119.2,126.16 2 1
github.com/nephio-project/nephio/krm-functions/nad-fn/fn/function.go:126.16,128.3 1 0
github.com/nephio-project/nephio/krm-functions/nad-fn/fn/function.go:130.2,130.66 1 1
github.com/nephio-project/nephio/krm-functions/nad-fn/fn/function.go:130.66,132.3 1 0
github.com/nephio-project/nephio/krm-functions/nad-fn/fn/function.go:133.2,133.47 1 1
github.com/nephio-project/nephio/krm-functions/nad-fn/fn/function.go:133.47,134.39 1 1
github.com/nephio-project/nephio/krm-functions/nad-fn/fn/function.go:134.39,136.18 2 1
github.com/nephio-project/nephio/krm-functions/nad-fn/fn/function.go:136.18,138.5 1 0
github.com/nephio-project/nephio/krm-functions/nad-fn/fn/function.go:139.4,140.18 2 1
github.com/nephio-project/nephio/krm-functions/nad-fn/fn/function.go:140.18,142.5 1 0
github.com/nephio-project/nephio/krm-functions/nad-fn/fn/function.go:144.4,144.59 1 1
github.com/nephio-project/nephio/krm-functions/nad-fn/fn/function.go:144.59,146.5 1 1
github.com/nephio-project/nephio/krm-functions/nad-fn/fn/function.go:148.4,148.81 1 1
github.com/nephio-project/nephio/krm-functions/nad-fn/fn/function.go:148.81,150.5 1 0
github.com/nephio-project/nephio/krm-functions/nad-fn/fn/function.go:151.4,152.18 2 1
github.com/nephio-project/nephio/krm-functions/nad-fn/fn/function.go:152.18,154.5 1 0
github.com/nephio-project/nephio/krm-functions/nad-fn/fn/function.go:157.3,157.49 1 1
github.com/nephio-project/nephio/krm-functions/nad-fn/fn/function.go:157.49,159.18 2 1
github.com/nephio-project/nephio/krm-functions/nad-fn/fn/function.go:159.18,161.5 1 0
github.com/nephio-project/nephio/krm-functions/nad-fn/fn/function.go:162.4,163.18 2 1
github.com/nephio-project/nephio/krm-functions/nad-fn/fn/function.go:163.18,165.5 1 0
github.com/nephio-project/nephio/krm-functions/nad-fn/fn/function.go:166.4,168.42 3 1
github.com/nephio-project/nephio/krm-functions/nad-fn/fn/function.go:168.42,170.5 1 1
github.com/nephio-project/nephio/krm-functions/nad-fn/fn/function.go:171.4,171.43 1 1
github.com/nephio-project/nephio/krm-functions/nad-fn/fn/function.go:171.43,173.5 1 1
github.com/nephio-project/nephio/krm-functions/nad-fn/fn/function.go:174.4,178.18 2 1
github.com/nephio-project/nephio/krm-functions/nad-fn/fn/function.go:178.18,180.5 1 0
github.com/nephio-project/nephio/krm-functions/nad-fn/fn/function.go:184.2,184.52 1 1
github.com/nephio-project/nephio/krm-functions/nad-fn/fn/function.go:184.52,187.17 3 1
github.com/nephio-project/nephio/krm-functions/nad-fn/fn/function.go:187.17,189.4 1 1
github.com/nephio-project/nephio/krm-functions/nad-fn/fn/function.go:192.2,192.31 1 1
github.com/nephio-project/nephio/krm-functions/nad-fn/fn/function.go:195.79,196.50 1 1
github.com/nephio-project/nephio/krm-functions/nad-fn/fn/function.go:196.50,197.53 1 1
github.com/nephio-project/nephio/krm-functions/nad-fn/fn/function.go:197.53,199.4 1 1
github.com/nephio-project/nephio/krm-functions/nad-fn/fn/function.go:201.2,201.14 1 1
